15:37:03.688[main]INFO c.e.Demo20230325SpringbootMybaitsplusApplication-[logStarting,55]-Starting Demo20230325SpringbootMybaitsplusApplication using Java 1.8.0_202 on SC-202208161009 with PID 15420 (F:\Workspaces\lsy\TEST\demo20230325-springboot-mybaitsplus\target\classes started by Administrator in F:\Workspaces\lsy\TEST\demo20230325-springboot-mybaitsplus)
15:37:03.691[main]INFO c.e.Demo20230325SpringbootMybaitsplusApplication-[logStartupProfileInfo,631]-No active profile set, falling back to 1 default profile: "default"
15:37:04.369[main]INFO o.s.b.w.e.t.TomcatWebServer-[initialize,108]-Tomcat initialized with port(s): 8080 (http)
15:37:04.370[main]INFO o.a.c.c.AprLifecycleListener-[log,173]-An older version [1.2.26] of the Apache Tomcat Native library is installed, while Tomcat recommends a minimum version of [1.2.30]
15:37:04.370[main]INFO o.a.c.c.AprLifecycleListener-[log,173]-Loaded Apache Tomcat Native library [1.2.26] using APR version [1.7.0].
15:37:04.370[main]INFO o.a.c.c.AprLifecycleListener-[log,173]-APR capabilities: IPv6 [true], sendfile [true], accept filters [false], random [true], UDS [true].
15:37:04.370[main]INFO o.a.c.c.AprLifecycleListener-[log,173]-APR/OpenSSL configuration: useAprConnector [false], useOpenSSL [true]
15:37:04.373[main]INFO o.a.c.c.AprLifecycleListener-[log,173]-OpenSSL successfully initialized [OpenSSL 1.1.1i  8 Dec 2020]
15:37:04.379[main]INFO o.a.c.h.Http11NioProtocol-[log,173]-Initializing ProtocolHandler ["http-nio-8080"]
15:37:04.379[main]INFO o.a.c.c.StandardService-[log,173]-Starting service [Tomcat]
15:37:04.379[main]INFO o.a.c.c.StandardEngine-[log,173]-Starting Servlet engine: [Apache Tomcat/9.0.73]
15:37:04.462[main]INFO o.a.c.c.C.[.[.[/]-[log,173]-Initializing Spring embedded WebApplicationContext
15:37:04.462[main]INFO o.s.b.w.s.c.ServletWebServerApplicationContext-[prepareWebApplicationContext,292]-Root WebApplicationContext: initialization completed in 744 ms
15:37:05.652[main]INFO o.a.c.h.Http11NioProtocol-[log,173]-Starting ProtocolHandler ["http-nio-8080"]
15:37:05.664[main]INFO o.s.b.w.e.t.TomcatWebServer-[start,220]-Tomcat started on port(s): 8080 (http) with context path ''
15:37:05.680[main]INFO c.e.Demo20230325SpringbootMybaitsplusApplication-[logStarted,61]-Started Demo20230325SpringbootMybaitsplusApplication in 2.273 seconds (JVM running for 3.209)
15:37:33.736[http-nio-8080-exec-1]INFO o.a.c.c.C.[.[.[/]-[log,173]-Initializing Spring DispatcherServlet 'dispatcherServlet'
15:37:33.736[http-nio-8080-exec-1]INFO o.s.w.s.DispatcherServlet-[initServletBean,525]-Initializing Servlet 'dispatcherServlet'
15:37:33.737[http-nio-8080-exec-1]INFO o.s.w.s.DispatcherServlet-[initServletBean,547]-Completed initialization in 1 ms
15:37:33.779[http-nio-8080-exec-1]INFO c.z.h.HikariDataSource-[getConnection,110]-HikariPool-1 - Starting...
15:37:33.887[http-nio-8080-exec-1]INFO c.z.h.HikariDataSource-[getConnection,123]-HikariPool-1 - Start completed.
15:38:45.884[SpringApplicationShutdownHook]INFO c.z.h.HikariDataSource-[close,350]-HikariPool-1 - Shutdown initiated...
15:38:45.888[SpringApplicationShutdownHook]INFO c.z.h.HikariDataSource-[close,352]-HikariPool-1 - Shutdown completed.
15:40:19.916[main]INFO c.e.Demo20230325SpringbootMybaitsplusApplication-[logStarting,55]-Starting Demo20230325SpringbootMybaitsplusApplication using Java 1.8.0_202 on SC-202208161009 with PID 19212 (F:\Workspaces\lsy\TEST\demo20230325-springboot-mybaitsplus\target\classes started by Administrator in F:\Workspaces\lsy\TEST\demo20230325-springboot-mybaitsplus)
15:40:19.918[main]INFO c.e.Demo20230325SpringbootMybaitsplusApplication-[logStartupProfileInfo,631]-No active profile set, falling back to 1 default profile: "default"
15:40:20.604[main]INFO o.s.b.w.e.t.TomcatWebServer-[initialize,108]-Tomcat initialized with port(s): 8080 (http)
15:40:20.605[main]INFO o.a.c.c.AprLifecycleListener-[log,173]-An older version [1.2.26] of the Apache Tomcat Native library is installed, while Tomcat recommends a minimum version of [1.2.30]
15:40:20.605[main]INFO o.a.c.c.AprLifecycleListener-[log,173]-Loaded Apache Tomcat Native library [1.2.26] using APR version [1.7.0].
15:40:20.605[main]INFO o.a.c.c.AprLifecycleListener-[log,173]-APR capabilities: IPv6 [true], sendfile [true], accept filters [false], random [true], UDS [true].
15:40:20.606[main]INFO o.a.c.c.AprLifecycleListener-[log,173]-APR/OpenSSL configuration: useAprConnector [false], useOpenSSL [true]
15:40:20.609[main]INFO o.a.c.c.AprLifecycleListener-[log,173]-OpenSSL successfully initialized [OpenSSL 1.1.1i  8 Dec 2020]
15:40:20.614[main]INFO o.a.c.h.Http11NioProtocol-[log,173]-Initializing ProtocolHandler ["http-nio-8080"]
15:40:20.615[main]INFO o.a.c.c.StandardService-[log,173]-Starting service [Tomcat]
15:40:20.615[main]INFO o.a.c.c.StandardEngine-[log,173]-Starting Servlet engine: [Apache Tomcat/9.0.73]
15:40:20.697[main]INFO o.a.c.c.C.[.[.[/]-[log,173]-Initializing Spring embedded WebApplicationContext
15:40:20.697[main]INFO o.s.b.w.s.c.ServletWebServerApplicationContext-[prepareWebApplicationContext,292]-Root WebApplicationContext: initialization completed in 749 ms
15:40:21.949[main]INFO o.a.c.h.Http11NioProtocol-[log,173]-Starting ProtocolHandler ["http-nio-8080"]
15:40:21.961[main]INFO o.s.b.w.e.t.TomcatWebServer-[start,220]-Tomcat started on port(s): 8080 (http) with context path ''
15:40:21.977[main]INFO c.e.Demo20230325SpringbootMybaitsplusApplication-[logStarted,61]-Started Demo20230325SpringbootMybaitsplusApplication in 2.351 seconds (JVM running for 3.239)
15:40:32.411[main]INFO c.e.Demo20230325SpringbootMybaitsplusApplication-[logStarting,55]-Starting Demo20230325SpringbootMybaitsplusApplication using Java 1.8.0_202 on SC-202208161009 with PID 1864 (F:\Workspaces\lsy\TEST\demo20230325-springboot-mybaitsplus\target\classes started by Administrator in F:\Workspaces\lsy\TEST\demo20230325-springboot-mybaitsplus)
15:40:32.413[main]INFO c.e.Demo20230325SpringbootMybaitsplusApplication-[logStartupProfileInfo,631]-No active profile set, falling back to 1 default profile: "default"
15:40:33.081[main]INFO o.s.b.w.e.t.TomcatWebServer-[initialize,108]-Tomcat initialized with port(s): 8080 (http)
15:40:33.082[main]INFO o.a.c.c.AprLifecycleListener-[log,173]-An older version [1.2.26] of the Apache Tomcat Native library is installed, while Tomcat recommends a minimum version of [1.2.30]
15:40:33.082[main]INFO o.a.c.c.AprLifecycleListener-[log,173]-Loaded Apache Tomcat Native library [1.2.26] using APR version [1.7.0].
15:40:33.082[main]INFO o.a.c.c.AprLifecycleListener-[log,173]-APR capabilities: IPv6 [true], sendfile [true], accept filters [false], random [true], UDS [true].
15:40:33.082[main]INFO o.a.c.c.AprLifecycleListener-[log,173]-APR/OpenSSL configuration: useAprConnector [false], useOpenSSL [true]
15:40:33.085[main]INFO o.a.c.c.AprLifecycleListener-[log,173]-OpenSSL successfully initialized [OpenSSL 1.1.1i  8 Dec 2020]
15:40:33.090[main]INFO o.a.c.h.Http11NioProtocol-[log,173]-Initializing ProtocolHandler ["http-nio-8080"]
15:40:33.091[main]INFO o.a.c.c.StandardService-[log,173]-Starting service [Tomcat]
15:40:33.091[main]INFO o.a.c.c.StandardEngine-[log,173]-Starting Servlet engine: [Apache Tomcat/9.0.73]
15:40:33.173[main]INFO o.a.c.c.C.[.[.[/]-[log,173]-Initializing Spring embedded WebApplicationContext
15:40:33.173[main]INFO o.s.b.w.s.c.ServletWebServerApplicationContext-[prepareWebApplicationContext,292]-Root WebApplicationContext: initialization completed in 731 ms
15:40:34.311[main]INFO o.a.c.h.Http11NioProtocol-[log,173]-Starting ProtocolHandler ["http-nio-8080"]
15:40:34.323[main]INFO o.s.b.w.e.t.TomcatWebServer-[start,220]-Tomcat started on port(s): 8080 (http) with context path ''
15:40:34.330[main]INFO c.e.Demo20230325SpringbootMybaitsplusApplication-[logStarted,61]-Started Demo20230325SpringbootMybaitsplusApplication in 2.2 seconds (JVM running for 3.082)
15:40:49.430[http-nio-8080-exec-1]INFO o.a.c.c.C.[.[.[/]-[log,173]-Initializing Spring DispatcherServlet 'dispatcherServlet'
15:40:49.430[http-nio-8080-exec-1]INFO o.s.w.s.DispatcherServlet-[initServletBean,525]-Initializing Servlet 'dispatcherServlet'
15:40:49.431[http-nio-8080-exec-1]INFO o.s.w.s.DispatcherServlet-[initServletBean,547]-Completed initialization in 0 ms
15:40:49.466[http-nio-8080-exec-1]INFO c.z.h.HikariDataSource-[getConnection,110]-HikariPool-1 - Starting...
15:40:49.574[http-nio-8080-exec-1]INFO c.z.h.HikariDataSource-[getConnection,123]-HikariPool-1 - Start completed.
15:46:52.863[SpringApplicationShutdownHook]INFO c.z.h.HikariDataSource-[close,350]-HikariPool-1 - Shutdown initiated...
15:46:52.870[SpringApplicationShutdownHook]INFO c.z.h.HikariDataSource-[close,352]-HikariPool-1 - Shutdown completed.
15:47:06.845[main]INFO c.e.Demo20230325SpringbootMybaitsplusApplication-[logStarting,55]-Starting Demo20230325SpringbootMybaitsplusApplication using Java 1.8.0_202 on SC-202208161009 with PID 20412 (F:\Workspaces\lsy\TEST\demo20230325-springboot-mybaitsplus\target\classes started by Administrator in F:\Workspaces\lsy\TEST\demo20230325-springboot-mybaitsplus)
15:47:06.848[main]INFO c.e.Demo20230325SpringbootMybaitsplusApplication-[logStartupProfileInfo,631]-No active profile set, falling back to 1 default profile: "default"
15:47:07.492[main]INFO o.s.b.w.e.t.TomcatWebServer-[initialize,108]-Tomcat initialized with port(s): 8080 (http)
15:47:07.493[main]INFO o.a.c.c.AprLifecycleListener-[log,173]-An older version [1.2.26] of the Apache Tomcat Native library is installed, while Tomcat recommends a minimum version of [1.2.30]
15:47:07.493[main]INFO o.a.c.c.AprLifecycleListener-[log,173]-Loaded Apache Tomcat Native library [1.2.26] using APR version [1.7.0].
15:47:07.494[main]INFO o.a.c.c.AprLifecycleListener-[log,173]-APR capabilities: IPv6 [true], sendfile [true], accept filters [false], random [true], UDS [true].
15:47:07.494[main]INFO o.a.c.c.AprLifecycleListener-[log,173]-APR/OpenSSL configuration: useAprConnector [false], useOpenSSL [true]
15:47:07.497[main]INFO o.a.c.c.AprLifecycleListener-[log,173]-OpenSSL successfully initialized [OpenSSL 1.1.1i  8 Dec 2020]
15:47:07.503[main]INFO o.a.c.h.Http11NioProtocol-[log,173]-Initializing ProtocolHandler ["http-nio-8080"]
15:47:07.503[main]INFO o.a.c.c.StandardService-[log,173]-Starting service [Tomcat]
15:47:07.503[main]INFO o.a.c.c.StandardEngine-[log,173]-Starting Servlet engine: [Apache Tomcat/9.0.73]
15:47:07.588[main]INFO o.a.c.c.C.[.[.[/]-[log,173]-Initializing Spring embedded WebApplicationContext
15:47:07.588[main]INFO o.s.b.w.s.c.ServletWebServerApplicationContext-[prepareWebApplicationContext,292]-Root WebApplicationContext: initialization completed in 708 ms
15:47:08.716[main]INFO o.a.c.h.Http11NioProtocol-[log,173]-Starting ProtocolHandler ["http-nio-8080"]
15:47:08.727[main]INFO o.s.b.w.e.t.TomcatWebServer-[start,220]-Tomcat started on port(s): 8080 (http) with context path ''
15:47:08.735[main]INFO c.e.Demo20230325SpringbootMybaitsplusApplication-[logStarted,61]-Started Demo20230325SpringbootMybaitsplusApplication in 2.191 seconds (JVM running for 3.133)
15:47:49.239[main]INFO c.e.Demo20230325SpringbootMybaitsplusApplication-[logStarting,55]-Starting Demo20230325SpringbootMybaitsplusApplication using Java 1.8.0_202 on SC-202208161009 with PID 19812 (F:\Workspaces\lsy\TEST\demo20230325-springboot-mybaitsplus\target\classes started by Administrator in F:\Workspaces\lsy\TEST\demo20230325-springboot-mybaitsplus)
15:47:49.241[main]INFO c.e.Demo20230325SpringbootMybaitsplusApplication-[logStartupProfileInfo,631]-No active profile set, falling back to 1 default profile: "default"
15:47:49.879[main]INFO o.s.b.w.e.t.TomcatWebServer-[initialize,108]-Tomcat initialized with port(s): 8080 (http)
15:47:49.880[main]INFO o.a.c.c.AprLifecycleListener-[log,173]-An older version [1.2.26] of the Apache Tomcat Native library is installed, while Tomcat recommends a minimum version of [1.2.30]
15:47:49.880[main]INFO o.a.c.c.AprLifecycleListener-[log,173]-Loaded Apache Tomcat Native library [1.2.26] using APR version [1.7.0].
15:47:49.880[main]INFO o.a.c.c.AprLifecycleListener-[log,173]-APR capabilities: IPv6 [true], sendfile [true], accept filters [false], random [true], UDS [true].
15:47:49.880[main]INFO o.a.c.c.AprLifecycleListener-[log,173]-APR/OpenSSL configuration: useAprConnector [false], useOpenSSL [true]
15:47:49.883[main]INFO o.a.c.c.AprLifecycleListener-[log,173]-OpenSSL successfully initialized [OpenSSL 1.1.1i  8 Dec 2020]
15:47:49.888[main]INFO o.a.c.h.Http11NioProtocol-[log,173]-Initializing ProtocolHandler ["http-nio-8080"]
15:47:49.889[main]INFO o.a.c.c.StandardService-[log,173]-Starting service [Tomcat]
15:47:49.889[main]INFO o.a.c.c.StandardEngine-[log,173]-Starting Servlet engine: [Apache Tomcat/9.0.73]
15:47:49.973[main]INFO o.a.c.c.C.[.[.[/]-[log,173]-Initializing Spring embedded WebApplicationContext
15:47:49.974[main]INFO o.s.b.w.s.c.ServletWebServerApplicationContext-[prepareWebApplicationContext,292]-Root WebApplicationContext: initialization completed in 703 ms
15:47:51.122[main]INFO o.a.c.h.Http11NioProtocol-[log,173]-Starting ProtocolHandler ["http-nio-8080"]
15:47:51.133[main]INFO o.s.b.w.e.t.TomcatWebServer-[start,220]-Tomcat started on port(s): 8080 (http) with context path ''
15:47:51.140[main]INFO c.e.Demo20230325SpringbootMybaitsplusApplication-[logStarted,61]-Started Demo20230325SpringbootMybaitsplusApplication in 2.193 seconds (JVM running for 3.123)
15:48:37.793[main]INFO c.e.Demo20230325SpringbootMybaitsplusApplication-[logStarting,55]-Starting Demo20230325SpringbootMybaitsplusApplication using Java 1.8.0_202 on SC-202208161009 with PID 288 (F:\Workspaces\lsy\TEST\demo20230325-springboot-mybaitsplus\target\classes started by Administrator in F:\Workspaces\lsy\TEST\demo20230325-springboot-mybaitsplus)
15:48:37.796[main]INFO c.e.Demo20230325SpringbootMybaitsplusApplication-[logStartupProfileInfo,631]-No active profile set, falling back to 1 default profile: "default"
15:48:38.448[main]INFO o.s.b.w.e.t.TomcatWebServer-[initialize,108]-Tomcat initialized with port(s): 8080 (http)
15:48:38.449[main]INFO o.a.c.c.AprLifecycleListener-[log,173]-An older version [1.2.26] of the Apache Tomcat Native library is installed, while Tomcat recommends a minimum version of [1.2.30]
15:48:38.449[main]INFO o.a.c.c.AprLifecycleListener-[log,173]-Loaded Apache Tomcat Native library [1.2.26] using APR version [1.7.0].
15:48:38.449[main]INFO o.a.c.c.AprLifecycleListener-[log,173]-APR capabilities: IPv6 [true], sendfile [true], accept filters [false], random [true], UDS [true].
15:48:38.449[main]INFO o.a.c.c.AprLifecycleListener-[log,173]-APR/OpenSSL configuration: useAprConnector [false], useOpenSSL [true]
15:48:38.452[main]INFO o.a.c.c.AprLifecycleListener-[log,173]-OpenSSL successfully initialized [OpenSSL 1.1.1i  8 Dec 2020]
15:48:38.457[main]INFO o.a.c.h.Http11NioProtocol-[log,173]-Initializing ProtocolHandler ["http-nio-8080"]
15:48:38.457[main]INFO o.a.c.c.StandardService-[log,173]-Starting service [Tomcat]
15:48:38.458[main]INFO o.a.c.c.StandardEngine-[log,173]-Starting Servlet engine: [Apache Tomcat/9.0.73]
15:48:38.539[main]INFO o.a.c.c.C.[.[.[/]-[log,173]-Initializing Spring embedded WebApplicationContext
15:48:38.539[main]INFO o.s.b.w.s.c.ServletWebServerApplicationContext-[prepareWebApplicationContext,292]-Root WebApplicationContext: initialization completed in 709 ms
15:48:39.687[main]INFO o.a.c.h.Http11NioProtocol-[log,173]-Starting ProtocolHandler ["http-nio-8080"]
15:48:39.698[main]INFO o.s.b.w.e.t.TomcatWebServer-[start,220]-Tomcat started on port(s): 8080 (http) with context path ''
15:48:39.705[main]INFO c.e.Demo20230325SpringbootMybaitsplusApplication-[logStarted,61]-Started Demo20230325SpringbootMybaitsplusApplication in 2.194 seconds (JVM running for 3.087)
15:48:45.871[http-nio-8080-exec-1]INFO o.a.c.c.C.[.[.[/]-[log,173]-Initializing Spring DispatcherServlet 'dispatcherServlet'
15:48:45.872[http-nio-8080-exec-1]INFO o.s.w.s.DispatcherServlet-[initServletBean,525]-Initializing Servlet 'dispatcherServlet'
15:48:45.872[http-nio-8080-exec-1]INFO o.s.w.s.DispatcherServlet-[initServletBean,547]-Completed initialization in 0 ms
15:48:45.907[http-nio-8080-exec-1]INFO c.z.h.HikariDataSource-[getConnection,110]-HikariPool-1 - Starting...
15:48:46.014[http-nio-8080-exec-1]INFO c.z.h.HikariDataSource-[getConnection,123]-HikariPool-1 - Start completed.
15:48:58.734[SpringApplicationShutdownHook]INFO c.z.h.HikariDataSource-[close,350]-HikariPool-1 - Shutdown initiated...
15:48:58.741[SpringApplicationShutdownHook]INFO c.z.h.HikariDataSource-[close,352]-HikariPool-1 - Shutdown completed.
15:49:01.201[main]INFO c.e.Demo20230325SpringbootMybaitsplusApplication-[logStarting,55]-Starting Demo20230325SpringbootMybaitsplusApplication using Java 1.8.0_202 on SC-202208161009 with PID 20160 (F:\Workspaces\lsy\TEST\demo20230325-springboot-mybaitsplus\target\classes started by Administrator in F:\Workspaces\lsy\TEST\demo20230325-springboot-mybaitsplus)
15:49:01.203[main]INFO c.e.Demo20230325SpringbootMybaitsplusApplication-[logStartupProfileInfo,631]-No active profile set, falling back to 1 default profile: "default"
15:49:01.880[main]INFO o.s.b.w.e.t.TomcatWebServer-[initialize,108]-Tomcat initialized with port(s): 8080 (http)
15:49:01.881[main]INFO o.a.c.c.AprLifecycleListener-[log,173]-An older version [1.2.26] of the Apache Tomcat Native library is installed, while Tomcat recommends a minimum version of [1.2.30]
15:49:01.881[main]INFO o.a.c.c.AprLifecycleListener-[log,173]-Loaded Apache Tomcat Native library [1.2.26] using APR version [1.7.0].
15:49:01.881[main]INFO o.a.c.c.AprLifecycleListener-[log,173]-APR capabilities: IPv6 [true], sendfile [true], accept filters [false], random [true], UDS [true].
15:49:01.881[main]INFO o.a.c.c.AprLifecycleListener-[log,173]-APR/OpenSSL configuration: useAprConnector [false], useOpenSSL [true]
15:49:01.884[main]INFO o.a.c.c.AprLifecycleListener-[log,173]-OpenSSL successfully initialized [OpenSSL 1.1.1i  8 Dec 2020]
15:49:01.890[main]INFO o.a.c.h.Http11NioProtocol-[log,173]-Initializing ProtocolHandler ["http-nio-8080"]
15:49:01.890[main]INFO o.a.c.c.StandardService-[log,173]-Starting service [Tomcat]
15:49:01.890[main]INFO o.a.c.c.StandardEngine-[log,173]-Starting Servlet engine: [Apache Tomcat/9.0.73]
15:49:01.974[main]INFO o.a.c.c.C.[.[.[/]-[log,173]-Initializing Spring embedded WebApplicationContext
15:49:01.974[main]INFO o.s.b.w.s.c.ServletWebServerApplicationContext-[prepareWebApplicationContext,292]-Root WebApplicationContext: initialization completed in 740 ms
15:49:03.175[main]INFO o.a.c.h.Http11NioProtocol-[log,173]-Starting ProtocolHandler ["http-nio-8080"]
15:49:03.186[main]INFO o.s.b.w.e.t.TomcatWebServer-[start,220]-Tomcat started on port(s): 8080 (http) with context path ''
15:49:03.194[main]INFO c.e.Demo20230325SpringbootMybaitsplusApplication-[logStarted,61]-Started Demo20230325SpringbootMybaitsplusApplication in 2.286 seconds (JVM running for 3.15)
15:49:10.353[http-nio-8080-exec-1]INFO o.a.c.c.C.[.[.[/]-[log,173]-Initializing Spring DispatcherServlet 'dispatcherServlet'
15:49:10.353[http-nio-8080-exec-1]INFO o.s.w.s.DispatcherServlet-[initServletBean,525]-Initializing Servlet 'dispatcherServlet'
15:49:10.354[http-nio-8080-exec-1]INFO o.s.w.s.DispatcherServlet-[initServletBean,547]-Completed initialization in 1 ms
15:49:10.389[http-nio-8080-exec-1]INFO c.z.h.HikariDataSource-[getConnection,110]-HikariPool-1 - Starting...
15:49:10.496[http-nio-8080-exec-1]INFO c.z.h.HikariDataSource-[getConnection,123]-HikariPool-1 - Start completed.
15:53:11.527[SpringApplicationShutdownHook]INFO c.z.h.HikariDataSource-[close,350]-HikariPool-1 - Shutdown initiated...
15:53:11.533[SpringApplicationShutdownHook]INFO c.z.h.HikariDataSource-[close,352]-HikariPool-1 - Shutdown completed.
15:54:31.876[main]INFO c.e.Demo20230325SpringbootMybaitsplusApplication-[logStarting,55]-Starting Demo20230325SpringbootMybaitsplusApplication using Java 1.8.0_202 on SC-202208161009 with PID 16980 (F:\Workspaces\lsy\TEST\demo20230325-springboot-mybaitsplus\target\classes started by Administrator in F:\Workspaces\lsy\TEST\demo20230325-springboot-mybaitsplus)
15:54:31.879[main]INFO c.e.Demo20230325SpringbootMybaitsplusApplication-[logStartupProfileInfo,631]-No active profile set, falling back to 1 default profile: "default"
15:54:32.534[main]INFO o.s.b.w.e.t.TomcatWebServer-[initialize,108]-Tomcat initialized with port(s): 8080 (http)
15:54:32.535[main]INFO o.a.c.c.AprLifecycleListener-[log,173]-An older version [1.2.26] of the Apache Tomcat Native library is installed, while Tomcat recommends a minimum version of [1.2.30]
15:54:32.535[main]INFO o.a.c.c.AprLifecycleListener-[log,173]-Loaded Apache Tomcat Native library [1.2.26] using APR version [1.7.0].
15:54:32.535[main]INFO o.a.c.c.AprLifecycleListener-[log,173]-APR capabilities: IPv6 [true], sendfile [true], accept filters [false], random [true], UDS [true].
15:54:32.535[main]INFO o.a.c.c.AprLifecycleListener-[log,173]-APR/OpenSSL configuration: useAprConnector [false], useOpenSSL [true]
15:54:32.538[main]INFO o.a.c.c.AprLifecycleListener-[log,173]-OpenSSL successfully initialized [OpenSSL 1.1.1i  8 Dec 2020]
15:54:32.543[main]INFO o.a.c.h.Http11NioProtocol-[log,173]-Initializing ProtocolHandler ["http-nio-8080"]
15:54:32.544[main]INFO o.a.c.c.StandardService-[log,173]-Starting service [Tomcat]
15:54:32.544[main]INFO o.a.c.c.StandardEngine-[log,173]-Starting Servlet engine: [Apache Tomcat/9.0.73]
15:54:32.623[main]INFO o.a.c.c.C.[.[.[/]-[log,173]-Initializing Spring embedded WebApplicationContext
15:54:32.623[main]INFO o.s.b.w.s.c.ServletWebServerApplicationContext-[prepareWebApplicationContext,292]-Root WebApplicationContext: initialization completed in 714 ms
15:54:33.780[main]INFO o.a.c.h.Http11NioProtocol-[log,173]-Starting ProtocolHandler ["http-nio-8080"]
15:54:33.792[main]INFO o.s.b.w.e.t.TomcatWebServer-[start,220]-Tomcat started on port(s): 8080 (http) with context path ''
15:54:33.799[main]INFO c.e.Demo20230325SpringbootMybaitsplusApplication-[logStarted,61]-Started Demo20230325SpringbootMybaitsplusApplication in 2.212 seconds (JVM running for 3.067)
15:54:44.936[http-nio-8080-exec-1]INFO o.a.c.c.C.[.[.[/]-[log,173]-Initializing Spring DispatcherServlet 'dispatcherServlet'
15:54:44.936[http-nio-8080-exec-1]INFO o.s.w.s.DispatcherServlet-[initServletBean,525]-Initializing Servlet 'dispatcherServlet'
15:54:44.937[http-nio-8080-exec-1]INFO o.s.w.s.DispatcherServlet-[initServletBean,547]-Completed initialization in 1 ms
15:54:44.985[http-nio-8080-exec-1]INFO c.z.h.HikariDataSource-[getConnection,110]-HikariPool-1 - Starting...
15:54:45.090[http-nio-8080-exec-1]INFO c.z.h.HikariDataSource-[getConnection,123]-HikariPool-1 - Start completed.
16:00:50.065[SpringApplicationShutdownHook]INFO c.z.h.HikariDataSource-[close,350]-HikariPool-1 - Shutdown initiated...
16:00:50.072[SpringApplicationShutdownHook]INFO c.z.h.HikariDataSource-[close,352]-HikariPool-1 - Shutdown completed.
16:00:53.937[main]INFO c.e.Demo20230325SpringbootMybaitsplusApplication-[logStarting,55]-Starting Demo20230325SpringbootMybaitsplusApplication using Java 1.8.0_202 on SC-202208161009 with PID 18616 (F:\Workspaces\lsy\TEST\demo20230325-springboot-mybaitsplus\target\classes started by Administrator in F:\Workspaces\lsy\TEST\demo20230325-springboot-mybaitsplus)
16:00:53.939[main]INFO c.e.Demo20230325SpringbootMybaitsplusApplication-[logStartupProfileInfo,631]-No active profile set, falling back to 1 default profile: "default"
16:00:54.668[main]INFO o.s.b.w.e.t.TomcatWebServer-[initialize,108]-Tomcat initialized with port(s): 8080 (http)
16:00:54.669[main]INFO o.a.c.c.AprLifecycleListener-[log,173]-An older version [1.2.26] of the Apache Tomcat Native library is installed, while Tomcat recommends a minimum version of [1.2.30]
16:00:54.669[main]INFO o.a.c.c.AprLifecycleListener-[log,173]-Loaded Apache Tomcat Native library [1.2.26] using APR version [1.7.0].
16:00:54.669[main]INFO o.a.c.c.AprLifecycleListener-[log,173]-APR capabilities: IPv6 [true], sendfile [true], accept filters [false], random [true], UDS [true].
16:00:54.669[main]INFO o.a.c.c.AprLifecycleListener-[log,173]-APR/OpenSSL configuration: useAprConnector [false], useOpenSSL [true]
16:00:54.673[main]INFO o.a.c.c.AprLifecycleListener-[log,173]-OpenSSL successfully initialized [OpenSSL 1.1.1i  8 Dec 2020]
16:00:54.678[main]INFO o.a.c.h.Http11NioProtocol-[log,173]-Initializing ProtocolHandler ["http-nio-8080"]
16:00:54.679[main]INFO o.a.c.c.StandardService-[log,173]-Starting service [Tomcat]
16:00:54.679[main]INFO o.a.c.c.StandardEngine-[log,173]-Starting Servlet engine: [Apache Tomcat/9.0.73]
16:00:54.770[main]INFO o.a.c.c.C.[.[.[/]-[log,173]-Initializing Spring embedded WebApplicationContext
16:00:54.770[main]INFO o.s.b.w.s.c.ServletWebServerApplicationContext-[prepareWebApplicationContext,292]-Root WebApplicationContext: initialization completed in 802 ms
16:00:56.104[main]INFO o.a.c.h.Http11NioProtocol-[log,173]-Starting ProtocolHandler ["http-nio-8080"]
16:00:56.116[main]INFO o.s.b.w.e.t.TomcatWebServer-[start,220]-Tomcat started on port(s): 8080 (http) with context path ''
16:00:56.123[main]INFO c.e.Demo20230325SpringbootMybaitsplusApplication-[logStarted,61]-Started Demo20230325SpringbootMybaitsplusApplication in 2.517 seconds (JVM running for 3.377)
16:01:02.090[http-nio-8080-exec-1]INFO o.a.c.c.C.[.[.[/]-[log,173]-Initializing Spring DispatcherServlet 'dispatcherServlet'
16:01:02.090[http-nio-8080-exec-1]INFO o.s.w.s.DispatcherServlet-[initServletBean,525]-Initializing Servlet 'dispatcherServlet'
16:01:02.091[http-nio-8080-exec-1]INFO o.s.w.s.DispatcherServlet-[initServletBean,547]-Completed initialization in 1 ms
16:01:02.139[http-nio-8080-exec-1]INFO c.z.h.HikariDataSource-[getConnection,110]-HikariPool-1 - Starting...
16:01:02.245[http-nio-8080-exec-1]INFO c.z.h.HikariDataSource-[getConnection,123]-HikariPool-1 - Start completed.
16:06:03.429[SpringApplicationShutdownHook]INFO c.z.h.HikariDataSource-[close,350]-HikariPool-1 - Shutdown initiated...
16:06:03.432[SpringApplicationShutdownHook]INFO c.z.h.HikariDataSource-[close,352]-HikariPool-1 - Shutdown completed.
16:06:07.211[main]INFO c.e.Demo20230325SpringbootMybaitsplusApplication-[logStarting,55]-Starting Demo20230325SpringbootMybaitsplusApplication using Java 1.8.0_202 on SC-202208161009 with PID 6640 (F:\Workspaces\lsy\TEST\demo20230325-springboot-mybaitsplus\target\classes started by Administrator in F:\Workspaces\lsy\TEST\demo20230325-springboot-mybaitsplus)
16:06:07.214[main]INFO c.e.Demo20230325SpringbootMybaitsplusApplication-[logStartupProfileInfo,631]-No active profile set, falling back to 1 default profile: "default"
16:06:07.870[main]INFO o.s.b.w.e.t.TomcatWebServer-[initialize,108]-Tomcat initialized with port(s): 8080 (http)
16:06:07.871[main]INFO o.a.c.c.AprLifecycleListener-[log,173]-An older version [1.2.26] of the Apache Tomcat Native library is installed, while Tomcat recommends a minimum version of [1.2.30]
16:06:07.871[main]INFO o.a.c.c.AprLifecycleListener-[log,173]-Loaded Apache Tomcat Native library [1.2.26] using APR version [1.7.0].
16:06:07.871[main]INFO o.a.c.c.AprLifecycleListener-[log,173]-APR capabilities: IPv6 [true], sendfile [true], accept filters [false], random [true], UDS [true].
16:06:07.871[main]INFO o.a.c.c.AprLifecycleListener-[log,173]-APR/OpenSSL configuration: useAprConnector [false], useOpenSSL [true]
16:06:07.874[main]INFO o.a.c.c.AprLifecycleListener-[log,173]-OpenSSL successfully initialized [OpenSSL 1.1.1i  8 Dec 2020]
16:06:07.880[main]INFO o.a.c.h.Http11NioProtocol-[log,173]-Initializing ProtocolHandler ["http-nio-8080"]
16:06:07.880[main]INFO o.a.c.c.StandardService-[log,173]-Starting service [Tomcat]
16:06:07.880[main]INFO o.a.c.c.StandardEngine-[log,173]-Starting Servlet engine: [Apache Tomcat/9.0.73]
16:06:07.967[main]INFO o.a.c.c.C.[.[.[/]-[log,173]-Initializing Spring embedded WebApplicationContext
16:06:07.967[main]INFO o.s.b.w.s.c.ServletWebServerApplicationContext-[prepareWebApplicationContext,292]-Root WebApplicationContext: initialization completed in 721 ms
16:06:09.113[main]INFO o.a.c.h.Http11NioProtocol-[log,173]-Starting ProtocolHandler ["http-nio-8080"]
16:06:09.125[main]INFO o.s.b.w.e.t.TomcatWebServer-[start,220]-Tomcat started on port(s): 8080 (http) with context path ''
16:06:09.132[main]INFO c.e.Demo20230325SpringbootMybaitsplusApplication-[logStarted,61]-Started Demo20230325SpringbootMybaitsplusApplication in 2.206 seconds (JVM running for 3.057)
16:06:20.851[http-nio-8080-exec-1]INFO o.a.c.c.C.[.[.[/]-[log,173]-Initializing Spring DispatcherServlet 'dispatcherServlet'
16:06:20.851[http-nio-8080-exec-1]INFO o.s.w.s.DispatcherServlet-[initServletBean,525]-Initializing Servlet 'dispatcherServlet'
16:06:20.852[http-nio-8080-exec-1]INFO o.s.w.s.DispatcherServlet-[initServletBean,547]-Completed initialization in 1 ms
16:06:20.912[http-nio-8080-exec-1]INFO c.z.h.HikariDataSource-[getConnection,110]-HikariPool-1 - Starting...
16:06:21.017[http-nio-8080-exec-1]INFO c.z.h.HikariDataSource-[getConnection,123]-HikariPool-1 - Start completed.
16:09:37.715[SpringApplicationShutdownHook]INFO c.z.h.HikariDataSource-[close,350]-HikariPool-1 - Shutdown initiated...
16:09:37.718[SpringApplicationShutdownHook]INFO c.z.h.HikariDataSource-[close,352]-HikariPool-1 - Shutdown completed.
16:09:41.593[main]INFO c.e.Demo20230325SpringbootMybaitsplusApplication-[logStarting,55]-Starting Demo20230325SpringbootMybaitsplusApplication using Java 1.8.0_202 on SC-202208161009 with PID 11820 (F:\Workspaces\lsy\TEST\demo20230325-springboot-mybaitsplus\target\classes started by Administrator in F:\Workspaces\lsy\TEST\demo20230325-springboot-mybaitsplus)
16:09:41.596[main]INFO c.e.Demo20230325SpringbootMybaitsplusApplication-[logStartupProfileInfo,631]-No active profile set, falling back to 1 default profile: "default"
16:09:42.249[main]INFO o.s.b.w.e.t.TomcatWebServer-[initialize,108]-Tomcat initialized with port(s): 8080 (http)
16:09:42.250[main]INFO o.a.c.c.AprLifecycleListener-[log,173]-An older version [1.2.26] of the Apache Tomcat Native library is installed, while Tomcat recommends a minimum version of [1.2.30]
16:09:42.250[main]INFO o.a.c.c.AprLifecycleListener-[log,173]-Loaded Apache Tomcat Native library [1.2.26] using APR version [1.7.0].
16:09:42.250[main]INFO o.a.c.c.AprLifecycleListener-[log,173]-APR capabilities: IPv6 [true], sendfile [true], accept filters [false], random [true], UDS [true].
16:09:42.250[main]INFO o.a.c.c.AprLifecycleListener-[log,173]-APR/OpenSSL configuration: useAprConnector [false], useOpenSSL [true]
16:09:42.253[main]INFO o.a.c.c.AprLifecycleListener-[log,173]-OpenSSL successfully initialized [OpenSSL 1.1.1i  8 Dec 2020]
16:09:42.258[main]INFO o.a.c.h.Http11NioProtocol-[log,173]-Initializing ProtocolHandler ["http-nio-8080"]
16:09:42.258[main]INFO o.a.c.c.StandardService-[log,173]-Starting service [Tomcat]
16:09:42.259[main]INFO o.a.c.c.StandardEngine-[log,173]-Starting Servlet engine: [Apache Tomcat/9.0.73]
16:09:42.340[main]INFO o.a.c.c.C.[.[.[/]-[log,173]-Initializing Spring embedded WebApplicationContext
16:09:42.340[main]INFO o.s.b.w.s.c.ServletWebServerApplicationContext-[prepareWebApplicationContext,292]-Root WebApplicationContext: initialization completed in 712 ms
16:09:43.512[main]INFO o.a.c.h.Http11NioProtocol-[log,173]-Starting ProtocolHandler ["http-nio-8080"]
16:09:43.524[main]INFO o.s.b.w.e.t.TomcatWebServer-[start,220]-Tomcat started on port(s): 8080 (http) with context path ''
16:09:43.531[main]INFO c.e.Demo20230325SpringbootMybaitsplusApplication-[logStarted,61]-Started Demo20230325SpringbootMybaitsplusApplication in 2.22 seconds (JVM running for 3.089)
16:10:05.472[http-nio-8080-exec-1]INFO o.a.c.c.C.[.[.[/]-[log,173]-Initializing Spring DispatcherServlet 'dispatcherServlet'
16:10:05.473[http-nio-8080-exec-1]INFO o.s.w.s.DispatcherServlet-[initServletBean,525]-Initializing Servlet 'dispatcherServlet'
16:10:05.473[http-nio-8080-exec-1]INFO o.s.w.s.DispatcherServlet-[initServletBean,547]-Completed initialization in 0 ms
16:10:05.522[http-nio-8080-exec-1]INFO c.z.h.HikariDataSource-[getConnection,110]-HikariPool-1 - Starting...
16:10:05.628[http-nio-8080-exec-1]INFO c.z.h.HikariDataSource-[getConnection,123]-HikariPool-1 - Start completed.
16:13:35.275[SpringApplicationShutdownHook]INFO c.z.h.HikariDataSource-[close,350]-HikariPool-1 - Shutdown initiated...
16:13:35.277[SpringApplicationShutdownHook]INFO c.z.h.HikariDataSource-[close,352]-HikariPool-1 - Shutdown completed.
16:13:39.266[main]INFO c.e.Demo20230325SpringbootMybaitsplusApplication-[logStarting,55]-Starting Demo20230325SpringbootMybaitsplusApplication using Java 1.8.0_202 on SC-202208161009 with PID 18540 (F:\Workspaces\lsy\TEST\demo20230325-springboot-mybaitsplus\target\classes started by Administrator in F:\Workspaces\lsy\TEST\demo20230325-springboot-mybaitsplus)
16:13:39.268[main]INFO c.e.Demo20230325SpringbootMybaitsplusApplication-[logStartupProfileInfo,631]-No active profile set, falling back to 1 default profile: "default"
16:13:39.969[main]INFO o.s.b.w.e.t.TomcatWebServer-[initialize,108]-Tomcat initialized with port(s): 8080 (http)
16:13:39.970[main]INFO o.a.c.c.AprLifecycleListener-[log,173]-An older version [1.2.26] of the Apache Tomcat Native library is installed, while Tomcat recommends a minimum version of [1.2.30]
16:13:39.970[main]INFO o.a.c.c.AprLifecycleListener-[log,173]-Loaded Apache Tomcat Native library [1.2.26] using APR version [1.7.0].
16:13:39.970[main]INFO o.a.c.c.AprLifecycleListener-[log,173]-APR capabilities: IPv6 [true], sendfile [true], accept filters [false], random [true], UDS [true].
16:13:39.970[main]INFO o.a.c.c.AprLifecycleListener-[log,173]-APR/OpenSSL configuration: useAprConnector [false], useOpenSSL [true]
16:13:39.973[main]INFO o.a.c.c.AprLifecycleListener-[log,173]-OpenSSL successfully initialized [OpenSSL 1.1.1i  8 Dec 2020]
16:13:39.979[main]INFO o.a.c.h.Http11NioProtocol-[log,173]-Initializing ProtocolHandler ["http-nio-8080"]
16:13:39.979[main]INFO o.a.c.c.StandardService-[log,173]-Starting service [Tomcat]
16:13:39.979[main]INFO o.a.c.c.StandardEngine-[log,173]-Starting Servlet engine: [Apache Tomcat/9.0.73]
16:13:40.066[main]INFO o.a.c.c.C.[.[.[/]-[log,173]-Initializing Spring embedded WebApplicationContext
16:13:40.066[main]INFO o.s.b.w.s.c.ServletWebServerApplicationContext-[prepareWebApplicationContext,292]-Root WebApplicationContext: initialization completed in 759 ms
16:13:41.282[main]INFO o.a.c.h.Http11NioProtocol-[log,173]-Starting ProtocolHandler ["http-nio-8080"]
16:13:41.294[main]INFO o.s.b.w.e.t.TomcatWebServer-[start,220]-Tomcat started on port(s): 8080 (http) with context path ''
16:13:41.301[main]INFO c.e.Demo20230325SpringbootMybaitsplusApplication-[logStarted,61]-Started Demo20230325SpringbootMybaitsplusApplication in 2.322 seconds (JVM running for 3.196)
16:13:47.025[http-nio-8080-exec-1]INFO o.a.c.c.C.[.[.[/]-[log,173]-Initializing Spring DispatcherServlet 'dispatcherServlet'
16:13:47.025[http-nio-8080-exec-1]INFO o.s.w.s.DispatcherServlet-[initServletBean,525]-Initializing Servlet 'dispatcherServlet'
16:13:47.026[http-nio-8080-exec-1]INFO o.s.w.s.DispatcherServlet-[initServletBean,547]-Completed initialization in 1 ms
16:13:47.083[http-nio-8080-exec-1]INFO c.z.h.HikariDataSource-[getConnection,110]-HikariPool-1 - Starting...
16:13:47.189[http-nio-8080-exec-1]INFO c.z.h.HikariDataSource-[getConnection,123]-HikariPool-1 - Start completed.
16:18:49.327[SpringApplicationShutdownHook]INFO c.z.h.HikariDataSource-[close,350]-HikariPool-1 - Shutdown initiated...
16:18:49.334[SpringApplicationShutdownHook]INFO c.z.h.HikariDataSource-[close,352]-HikariPool-1 - Shutdown completed.
16:18:53.379[main]INFO c.e.Demo20230325SpringbootMybaitsplusApplication-[logStarting,55]-Starting Demo20230325SpringbootMybaitsplusApplication using Java 1.8.0_202 on SC-202208161009 with PID 19340 (F:\Workspaces\lsy\TEST\demo20230325-springboot-mybaitsplus\target\classes started by Administrator in F:\Workspaces\lsy\TEST\demo20230325-springboot-mybaitsplus)
16:18:53.382[main]INFO c.e.Demo20230325SpringbootMybaitsplusApplication-[logStartupProfileInfo,631]-No active profile set, falling back to 1 default profile: "default"
16:18:54.067[main]INFO o.s.b.w.e.t.TomcatWebServer-[initialize,108]-Tomcat initialized with port(s): 8080 (http)
16:18:54.068[main]INFO o.a.c.c.AprLifecycleListener-[log,173]-An older version [1.2.26] of the Apache Tomcat Native library is installed, while Tomcat recommends a minimum version of [1.2.30]
16:18:54.068[main]INFO o.a.c.c.AprLifecycleListener-[log,173]-Loaded Apache Tomcat Native library [1.2.26] using APR version [1.7.0].
16:18:54.068[main]INFO o.a.c.c.AprLifecycleListener-[log,173]-APR capabilities: IPv6 [true], sendfile [true], accept filters [false], random [true], UDS [true].
16:18:54.069[main]INFO o.a.c.c.AprLifecycleListener-[log,173]-APR/OpenSSL configuration: useAprConnector [false], useOpenSSL [true]
16:18:54.072[main]INFO o.a.c.c.AprLifecycleListener-[log,173]-OpenSSL successfully initialized [OpenSSL 1.1.1i  8 Dec 2020]
16:18:54.077[main]INFO o.a.c.h.Http11NioProtocol-[log,173]-Initializing ProtocolHandler ["http-nio-8080"]
16:18:54.078[main]INFO o.a.c.c.StandardService-[log,173]-Starting service [Tomcat]
16:18:54.078[main]INFO o.a.c.c.StandardEngine-[log,173]-Starting Servlet engine: [Apache Tomcat/9.0.73]
16:18:54.160[main]INFO o.a.c.c.C.[.[.[/]-[log,173]-Initializing Spring embedded WebApplicationContext
16:18:54.160[main]INFO o.s.b.w.s.c.ServletWebServerApplicationContext-[prepareWebApplicationContext,292]-Root WebApplicationContext: initialization completed in 749 ms
16:18:55.343[main]INFO o.a.c.h.Http11NioProtocol-[log,173]-Starting ProtocolHandler ["http-nio-8080"]
16:18:55.355[main]INFO o.s.b.w.e.t.TomcatWebServer-[start,220]-Tomcat started on port(s): 8080 (http) with context path ''
16:18:55.362[main]INFO c.e.Demo20230325SpringbootMybaitsplusApplication-[logStarted,61]-Started Demo20230325SpringbootMybaitsplusApplication in 2.278 seconds (JVM running for 3.151)
16:19:15.405[http-nio-8080-exec-1]INFO o.a.c.c.C.[.[.[/]-[log,173]-Initializing Spring DispatcherServlet 'dispatcherServlet'
16:19:15.405[http-nio-8080-exec-1]INFO o.s.w.s.DispatcherServlet-[initServletBean,525]-Initializing Servlet 'dispatcherServlet'
16:19:15.406[http-nio-8080-exec-1]INFO o.s.w.s.DispatcherServlet-[initServletBean,547]-Completed initialization in 1 ms
16:19:15.466[http-nio-8080-exec-1]INFO c.z.h.HikariDataSource-[getConnection,110]-HikariPool-1 - Starting...
16:19:15.570[http-nio-8080-exec-1]INFO c.z.h.HikariDataSource-[getConnection,123]-HikariPool-1 - Start completed.
16:19:46.239[SpringApplicationShutdownHook]INFO c.z.h.HikariDataSource-[close,350]-HikariPool-1 - Shutdown initiated...
16:19:46.245[SpringApplicationShutdownHook]INFO c.z.h.HikariDataSource-[close,352]-HikariPool-1 - Shutdown completed.
16:20:23.092[main]INFO c.e.Demo20230325SpringbootMybaitsplusApplication-[logStarting,55]-Starting Demo20230325SpringbootMybaitsplusApplication using Java 1.8.0_202 on SC-202208161009 with PID 16712 (F:\Workspaces\lsy\TEST\demo20230325-springboot-mybaitsplus\target\classes started by Administrator in F:\Workspaces\lsy\TEST\demo20230325-springboot-mybaitsplus)
16:20:23.094[main]INFO c.e.Demo20230325SpringbootMybaitsplusApplication-[logStartupProfileInfo,631]-No active profile set, falling back to 1 default profile: "default"
16:20:23.759[main]INFO o.s.b.w.e.t.TomcatWebServer-[initialize,108]-Tomcat initialized with port(s): 8080 (http)
16:20:23.760[main]INFO o.a.c.c.AprLifecycleListener-[log,173]-An older version [1.2.26] of the Apache Tomcat Native library is installed, while Tomcat recommends a minimum version of [1.2.30]
16:20:23.760[main]INFO o.a.c.c.AprLifecycleListener-[log,173]-Loaded Apache Tomcat Native library [1.2.26] using APR version [1.7.0].
16:20:23.760[main]INFO o.a.c.c.AprLifecycleListener-[log,173]-APR capabilities: IPv6 [true], sendfile [true], accept filters [false], random [true], UDS [true].
16:20:23.760[main]INFO o.a.c.c.AprLifecycleListener-[log,173]-APR/OpenSSL configuration: useAprConnector [false], useOpenSSL [true]
16:20:23.764[main]INFO o.a.c.c.AprLifecycleListener-[log,173]-OpenSSL successfully initialized [OpenSSL 1.1.1i  8 Dec 2020]
16:20:23.768[main]INFO o.a.c.h.Http11NioProtocol-[log,173]-Initializing ProtocolHandler ["http-nio-8080"]
16:20:23.768[main]INFO o.a.c.c.StandardService-[log,173]-Starting service [Tomcat]
16:20:23.768[main]INFO o.a.c.c.StandardEngine-[log,173]-Starting Servlet engine: [Apache Tomcat/9.0.73]
16:20:23.850[main]INFO o.a.c.c.C.[.[.[/]-[log,173]-Initializing Spring embedded WebApplicationContext
16:20:23.851[main]INFO o.s.b.w.s.c.ServletWebServerApplicationContext-[prepareWebApplicationContext,292]-Root WebApplicationContext: initialization completed in 721 ms
16:20:25.010[main]INFO o.a.c.h.Http11NioProtocol-[log,173]-Starting ProtocolHandler ["http-nio-8080"]
16:20:25.022[main]INFO o.s.b.w.e.t.TomcatWebServer-[start,220]-Tomcat started on port(s): 8080 (http) with context path ''
16:20:25.029[main]INFO c.e.Demo20230325SpringbootMybaitsplusApplication-[logStarted,61]-Started Demo20230325SpringbootMybaitsplusApplication in 2.222 seconds (JVM running for 3.091)
16:20:27.147[http-nio-8080-exec-1]INFO o.a.c.c.C.[.[.[/]-[log,173]-Initializing Spring DispatcherServlet 'dispatcherServlet'
16:20:27.148[http-nio-8080-exec-1]INFO o.s.w.s.DispatcherServlet-[initServletBean,525]-Initializing Servlet 'dispatcherServlet'
16:20:27.148[http-nio-8080-exec-1]INFO o.s.w.s.DispatcherServlet-[initServletBean,547]-Completed initialization in 0 ms
16:20:27.207[http-nio-8080-exec-1]INFO c.z.h.HikariDataSource-[getConnection,110]-HikariPool-1 - Starting...
16:20:27.314[http-nio-8080-exec-1]INFO c.z.h.HikariDataSource-[getConnection,123]-HikariPool-1 - Start completed.
16:21:53.385[SpringApplicationShutdownHook]INFO c.z.h.HikariDataSource-[close,350]-HikariPool-1 - Shutdown initiated...
16:21:53.387[SpringApplicationShutdownHook]INFO c.z.h.HikariDataSource-[close,352]-HikariPool-1 - Shutdown completed.
16:21:56.938[main]INFO c.e.Demo20230325SpringbootMybaitsplusApplication-[logStarting,55]-Starting Demo20230325SpringbootMybaitsplusApplication using Java 1.8.0_202 on SC-202208161009 with PID 5288 (F:\Workspaces\lsy\TEST\demo20230325-springboot-mybaitsplus\target\classes started by Administrator in F:\Workspaces\lsy\TEST\demo20230325-springboot-mybaitsplus)
16:21:56.941[main]INFO c.e.Demo20230325SpringbootMybaitsplusApplication-[logStartupProfileInfo,631]-No active profile set, falling back to 1 default profile: "default"
16:21:57.684[main]INFO o.s.b.w.e.t.TomcatWebServer-[initialize,108]-Tomcat initialized with port(s): 8080 (http)
16:21:57.685[main]INFO o.a.c.c.AprLifecycleListener-[log,173]-An older version [1.2.26] of the Apache Tomcat Native library is installed, while Tomcat recommends a minimum version of [1.2.30]
16:21:57.685[main]INFO o.a.c.c.AprLifecycleListener-[log,173]-Loaded Apache Tomcat Native library [1.2.26] using APR version [1.7.0].
16:21:57.685[main]INFO o.a.c.c.AprLifecycleListener-[log,173]-APR capabilities: IPv6 [true], sendfile [true], accept filters [false], random [true], UDS [true].
16:21:57.685[main]INFO o.a.c.c.AprLifecycleListener-[log,173]-APR/OpenSSL configuration: useAprConnector [false], useOpenSSL [true]
16:21:57.689[main]INFO o.a.c.c.AprLifecycleListener-[log,173]-OpenSSL successfully initialized [OpenSSL 1.1.1i  8 Dec 2020]
16:21:57.695[main]INFO o.a.c.h.Http11NioProtocol-[log,173]-Initializing ProtocolHandler ["http-nio-8080"]
16:21:57.695[main]INFO o.a.c.c.StandardService-[log,173]-Starting service [Tomcat]
16:21:57.695[main]INFO o.a.c.c.StandardEngine-[log,173]-Starting Servlet engine: [Apache Tomcat/9.0.73]
16:21:57.786[main]INFO o.a.c.c.C.[.[.[/]-[log,173]-Initializing Spring embedded WebApplicationContext
16:21:57.786[main]INFO o.s.b.w.s.c.ServletWebServerApplicationContext-[prepareWebApplicationContext,292]-Root WebApplicationContext: initialization completed in 808 ms
16:21:59.058[main]INFO o.a.c.h.Http11NioProtocol-[log,173]-Starting ProtocolHandler ["http-nio-8080"]
16:21:59.072[main]INFO o.s.b.w.e.t.TomcatWebServer-[start,220]-Tomcat started on port(s): 8080 (http) with context path ''
16:21:59.079[main]INFO c.e.Demo20230325SpringbootMybaitsplusApplication-[logStarted,61]-Started Demo20230325SpringbootMybaitsplusApplication in 2.462 seconds (JVM running for 3.914)
16:22:07.359[http-nio-8080-exec-1]INFO o.a.c.c.C.[.[.[/]-[log,173]-Initializing Spring DispatcherServlet 'dispatcherServlet'
16:22:07.359[http-nio-8080-exec-1]INFO o.s.w.s.DispatcherServlet-[initServletBean,525]-Initializing Servlet 'dispatcherServlet'
16:22:07.360[http-nio-8080-exec-1]INFO o.s.w.s.DispatcherServlet-[initServletBean,547]-Completed initialization in 1 ms
16:22:17.829[http-nio-8080-exec-1]INFO c.z.h.HikariDataSource-[getConnection,110]-HikariPool-1 - Starting...
16:22:17.959[http-nio-8080-exec-1]INFO c.z.h.HikariDataSource-[getConnection,123]-HikariPool-1 - Start completed.
16:22:18.266[SpringApplicationShutdownHook]INFO c.z.h.HikariDataSource-[close,350]-HikariPool-1 - Shutdown initiated...
16:22:18.287[SpringApplicationShutdownHook]INFO c.z.h.HikariDataSource-[close,352]-HikariPool-1 - Shutdown completed.
16:27:32.302[main]INFO c.e.Demo20230325SpringbootMybaitsplusApplication-[logStarting,55]-Starting Demo20230325SpringbootMybaitsplusApplication using Java 1.8.0_202 on SC-202208161009 with PID 20456 (F:\Workspaces\lsy\TEST\demo20230325-springboot-mybaitsplus\target\classes started by Administrator in F:\Workspaces\lsy\TEST\demo20230325-springboot-mybaitsplus)
16:27:32.306[main]INFO c.e.Demo20230325SpringbootMybaitsplusApplication-[logStartupProfileInfo,631]-No active profile set, falling back to 1 default profile: "default"
16:27:33.088[main]INFO o.s.b.w.e.t.TomcatWebServer-[initialize,108]-Tomcat initialized with port(s): 8080 (http)
16:27:33.089[main]INFO o.a.c.c.AprLifecycleListener-[log,173]-An older version [1.2.26] of the Apache Tomcat Native library is installed, while Tomcat recommends a minimum version of [1.2.30]
16:27:33.089[main]INFO o.a.c.c.AprLifecycleListener-[log,173]-Loaded Apache Tomcat Native library [1.2.26] using APR version [1.7.0].
16:27:33.089[main]INFO o.a.c.c.AprLifecycleListener-[log,173]-APR capabilities: IPv6 [true], sendfile [true], accept filters [false], random [true], UDS [true].
16:27:33.089[main]INFO o.a.c.c.AprLifecycleListener-[log,173]-APR/OpenSSL configuration: useAprConnector [false], useOpenSSL [true]
16:27:33.093[main]INFO o.a.c.c.AprLifecycleListener-[log,173]-OpenSSL successfully initialized [OpenSSL 1.1.1i  8 Dec 2020]
16:27:33.099[main]INFO o.a.c.h.Http11NioProtocol-[log,173]-Initializing ProtocolHandler ["http-nio-8080"]
16:27:33.099[main]INFO o.a.c.c.StandardService-[log,173]-Starting service [Tomcat]
16:27:33.099[main]INFO o.a.c.c.StandardEngine-[log,173]-Starting Servlet engine: [Apache Tomcat/9.0.73]
16:27:33.191[main]INFO o.a.c.c.C.[.[.[/]-[log,173]-Initializing Spring embedded WebApplicationContext
16:27:33.192[main]INFO o.s.b.w.s.c.ServletWebServerApplicationContext-[prepareWebApplicationContext,292]-Root WebApplicationContext: initialization completed in 848 ms
16:27:34.447[main]INFO o.a.c.h.Http11NioProtocol-[log,173]-Starting ProtocolHandler ["http-nio-8080"]
16:27:34.462[main]INFO o.s.b.w.e.t.TomcatWebServer-[start,220]-Tomcat started on port(s): 8080 (http) with context path ''
16:27:34.470[main]INFO c.e.Demo20230325SpringbootMybaitsplusApplication-[logStarted,61]-Started Demo20230325SpringbootMybaitsplusApplication in 2.528 seconds (JVM running for 3.565)
16:27:40.204[http-nio-8080-exec-4]INFO o.a.c.c.C.[.[.[/]-[log,173]-Initializing Spring DispatcherServlet 'dispatcherServlet'
16:27:40.205[http-nio-8080-exec-4]INFO o.s.w.s.DispatcherServlet-[initServletBean,525]-Initializing Servlet 'dispatcherServlet'
16:27:40.206[http-nio-8080-exec-4]INFO o.s.w.s.DispatcherServlet-[initServletBean,547]-Completed initialization in 1 ms
16:27:43.658[http-nio-8080-exec-4]INFO c.z.h.HikariDataSource-[getConnection,110]-HikariPool-1 - Starting...
16:27:43.779[http-nio-8080-exec-4]INFO c.z.h.HikariDataSource-[getConnection,123]-HikariPool-1 - Start completed.
16:27:57.526[SpringApplicationShutdownHook]INFO c.z.h.HikariDataSource-[close,350]-HikariPool-1 - Shutdown initiated...
16:27:57.532[SpringApplicationShutdownHook]INFO c.z.h.HikariDataSource-[close,352]-HikariPool-1 - Shutdown completed.
16:28:01.821[main]INFO c.e.Demo20230325SpringbootMybaitsplusApplication-[logStarting,55]-Starting Demo20230325SpringbootMybaitsplusApplication using Java 1.8.0_202 on SC-202208161009 with PID 9424 (F:\Workspaces\lsy\TEST\demo20230325-springboot-mybaitsplus\target\classes started by Administrator in F:\Workspaces\lsy\TEST\demo20230325-springboot-mybaitsplus)
16:28:01.824[main]INFO c.e.Demo20230325SpringbootMybaitsplusApplication-[logStartupProfileInfo,631]-No active profile set, falling back to 1 default profile: "default"
16:28:02.603[main]INFO o.s.b.w.e.t.TomcatWebServer-[initialize,108]-Tomcat initialized with port(s): 8080 (http)
16:28:02.604[main]INFO o.a.c.c.AprLifecycleListener-[log,173]-An older version [1.2.26] of the Apache Tomcat Native library is installed, while Tomcat recommends a minimum version of [1.2.30]
16:28:02.604[main]INFO o.a.c.c.AprLifecycleListener-[log,173]-Loaded Apache Tomcat Native library [1.2.26] using APR version [1.7.0].
16:28:02.604[main]INFO o.a.c.c.AprLifecycleListener-[log,173]-APR capabilities: IPv6 [true], sendfile [true], accept filters [false], random [true], UDS [true].
16:28:02.604[main]INFO o.a.c.c.AprLifecycleListener-[log,173]-APR/OpenSSL configuration: useAprConnector [false], useOpenSSL [true]
16:28:02.607[main]INFO o.a.c.c.AprLifecycleListener-[log,173]-OpenSSL successfully initialized [OpenSSL 1.1.1i  8 Dec 2020]
16:28:02.613[main]INFO o.a.c.h.Http11NioProtocol-[log,173]-Initializing ProtocolHandler ["http-nio-8080"]
16:28:02.614[main]INFO o.a.c.c.StandardService-[log,173]-Starting service [Tomcat]
16:28:02.614[main]INFO o.a.c.c.StandardEngine-[log,173]-Starting Servlet engine: [Apache Tomcat/9.0.73]
16:28:02.705[main]INFO o.a.c.c.C.[.[.[/]-[log,173]-Initializing Spring embedded WebApplicationContext
16:28:02.705[main]INFO o.s.b.w.s.c.ServletWebServerApplicationContext-[prepareWebApplicationContext,292]-Root WebApplicationContext: initialization completed in 839 ms
16:28:03.974[main]INFO o.a.c.h.Http11NioProtocol-[log,173]-Starting ProtocolHandler ["http-nio-8080"]
16:28:03.989[main]INFO o.s.b.w.e.t.TomcatWebServer-[start,220]-Tomcat started on port(s): 8080 (http) with context path ''
16:28:03.999[main]INFO c.e.Demo20230325SpringbootMybaitsplusApplication-[logStarted,61]-Started Demo20230325SpringbootMybaitsplusApplication in 2.539 seconds (JVM running for 3.501)
16:28:04.046[http-nio-8080-exec-1]INFO o.a.c.c.C.[.[.[/]-[log,173]-Initializing Spring DispatcherServlet 'dispatcherServlet'
16:28:04.046[http-nio-8080-exec-1]INFO o.s.w.s.DispatcherServlet-[initServletBean,525]-Initializing Servlet 'dispatcherServlet'
16:28:04.047[http-nio-8080-exec-1]INFO o.s.w.s.DispatcherServlet-[initServletBean,547]-Completed initialization in 1 ms
16:28:04.148[http-nio-8080-exec-1]INFO c.z.h.HikariDataSource-[getConnection,110]-HikariPool-1 - Starting...
16:28:04.271[http-nio-8080-exec-1]INFO c.z.h.HikariDataSource-[getConnection,123]-HikariPool-1 - Start completed.
16:37:31.041[SpringApplicationShutdownHook]INFO c.z.h.HikariDataSource-[close,350]-HikariPool-1 - Shutdown initiated...
16:37:31.043[SpringApplicationShutdownHook]INFO c.z.h.HikariDataSource-[close,352]-HikariPool-1 - Shutdown completed.
16:37:35.318[main]INFO c.e.Demo20230325SpringbootMybaitsplusApplication-[logStarting,55]-Starting Demo20230325SpringbootMybaitsplusApplication using Java 1.8.0_202 on SC-202208161009 with PID 18464 (F:\Workspaces\lsy\TEST\demo20230325-springboot-mybaitsplus\target\classes started by Administrator in F:\Workspaces\lsy\TEST\demo20230325-springboot-mybaitsplus)
16:37:35.321[main]INFO c.e.Demo20230325SpringbootMybaitsplusApplication-[logStartupProfileInfo,631]-No active profile set, falling back to 1 default profile: "default"
16:37:36.088[main]INFO o.s.b.w.e.t.TomcatWebServer-[initialize,108]-Tomcat initialized with port(s): 8080 (http)
16:37:36.089[main]INFO o.a.c.c.AprLifecycleListener-[log,173]-An older version [1.2.26] of the Apache Tomcat Native library is installed, while Tomcat recommends a minimum version of [1.2.30]
16:37:36.089[main]INFO o.a.c.c.AprLifecycleListener-[log,173]-Loaded Apache Tomcat Native library [1.2.26] using APR version [1.7.0].
16:37:36.089[main]INFO o.a.c.c.AprLifecycleListener-[log,173]-APR capabilities: IPv6 [true], sendfile [true], accept filters [false], random [true], UDS [true].
16:37:36.089[main]INFO o.a.c.c.AprLifecycleListener-[log,173]-APR/OpenSSL configuration: useAprConnector [false], useOpenSSL [true]
16:37:36.092[main]INFO o.a.c.c.AprLifecycleListener-[log,173]-OpenSSL successfully initialized [OpenSSL 1.1.1i  8 Dec 2020]
16:37:36.098[main]INFO o.a.c.h.Http11NioProtocol-[log,173]-Initializing ProtocolHandler ["http-nio-8080"]
16:37:36.099[main]INFO o.a.c.c.StandardService-[log,173]-Starting service [Tomcat]
16:37:36.099[main]INFO o.a.c.c.StandardEngine-[log,173]-Starting Servlet engine: [Apache Tomcat/9.0.73]
16:37:36.191[main]INFO o.a.c.c.C.[.[.[/]-[log,173]-Initializing Spring embedded WebApplicationContext
16:37:36.192[main]INFO o.s.b.w.s.c.ServletWebServerApplicationContext-[prepareWebApplicationContext,292]-Root WebApplicationContext: initialization completed in 833 ms
16:37:37.438[main]INFO o.a.c.h.Http11NioProtocol-[log,173]-Starting ProtocolHandler ["http-nio-8080"]
16:37:37.452[main]INFO o.s.b.w.e.t.TomcatWebServer-[start,220]-Tomcat started on port(s): 8080 (http) with context path ''
16:37:37.459[main]INFO c.e.Demo20230325SpringbootMybaitsplusApplication-[logStarted,61]-Started Demo20230325SpringbootMybaitsplusApplication in 2.493 seconds (JVM running for 3.526)
16:37:44.148[http-nio-8080-exec-1]INFO o.a.c.c.C.[.[.[/]-[log,173]-Initializing Spring DispatcherServlet 'dispatcherServlet'
16:37:44.149[http-nio-8080-exec-1]INFO o.s.w.s.DispatcherServlet-[initServletBean,525]-Initializing Servlet 'dispatcherServlet'
16:37:44.149[http-nio-8080-exec-1]INFO o.s.w.s.DispatcherServlet-[initServletBean,547]-Completed initialization in 0 ms
16:37:44.245[http-nio-8080-exec-1]INFO c.z.h.HikariDataSource-[getConnection,110]-HikariPool-1 - Starting...
16:37:44.363[http-nio-8080-exec-1]INFO c.z.h.HikariDataSource-[getConnection,123]-HikariPool-1 - Start completed.
16:41:39.040[SpringApplicationShutdownHook]INFO c.z.h.HikariDataSource-[close,350]-HikariPool-1 - Shutdown initiated...
16:41:39.046[SpringApplicationShutdownHook]INFO c.z.h.HikariDataSource-[close,352]-HikariPool-1 - Shutdown completed.
16:41:43.261[main]INFO c.e.Demo20230325SpringbootMybaitsplusApplication-[logStarting,55]-Starting Demo20230325SpringbootMybaitsplusApplication using Java 1.8.0_202 on SC-202208161009 with PID 9008 (F:\Workspaces\lsy\TEST\demo20230325-springboot-mybaitsplus\target\classes started by Administrator in F:\Workspaces\lsy\TEST\demo20230325-springboot-mybaitsplus)
16:41:43.265[main]INFO c.e.Demo20230325SpringbootMybaitsplusApplication-[logStartupProfileInfo,631]-No active profile set, falling back to 1 default profile: "default"
16:41:44.071[main]INFO o.s.b.w.e.t.TomcatWebServer-[initialize,108]-Tomcat initialized with port(s): 8080 (http)
16:41:44.072[main]INFO o.a.c.c.AprLifecycleListener-[log,173]-An older version [1.2.26] of the Apache Tomcat Native library is installed, while Tomcat recommends a minimum version of [1.2.30]
16:41:44.072[main]INFO o.a.c.c.AprLifecycleListener-[log,173]-Loaded Apache Tomcat Native library [1.2.26] using APR version [1.7.0].
16:41:44.072[main]INFO o.a.c.c.AprLifecycleListener-[log,173]-APR capabilities: IPv6 [true], sendfile [true], accept filters [false], random [true], UDS [true].
16:41:44.072[main]INFO o.a.c.c.AprLifecycleListener-[log,173]-APR/OpenSSL configuration: useAprConnector [false], useOpenSSL [true]
16:41:44.076[main]INFO o.a.c.c.AprLifecycleListener-[log,173]-OpenSSL successfully initialized [OpenSSL 1.1.1i  8 Dec 2020]
16:41:44.083[main]INFO o.a.c.h.Http11NioProtocol-[log,173]-Initializing ProtocolHandler ["http-nio-8080"]
16:41:44.083[main]INFO o.a.c.c.StandardService-[log,173]-Starting service [Tomcat]
16:41:44.084[main]INFO o.a.c.c.StandardEngine-[log,173]-Starting Servlet engine: [Apache Tomcat/9.0.73]
16:41:44.182[main]INFO o.a.c.c.C.[.[.[/]-[log,173]-Initializing Spring embedded WebApplicationContext
16:41:44.182[main]INFO o.s.b.w.s.c.ServletWebServerApplicationContext-[prepareWebApplicationContext,292]-Root WebApplicationContext: initialization completed in 876 ms
16:41:45.464[main]INFO o.a.c.h.Http11NioProtocol-[log,173]-Starting ProtocolHandler ["http-nio-8080"]
16:41:45.478[main]INFO o.s.b.w.e.t.TomcatWebServer-[start,220]-Tomcat started on port(s): 8080 (http) with context path ''
16:41:45.486[main]INFO c.e.Demo20230325SpringbootMybaitsplusApplication-[logStarted,61]-Started Demo20230325SpringbootMybaitsplusApplication in 2.591 seconds (JVM running for 3.573)
16:41:52.344[http-nio-8080-exec-1]INFO o.a.c.c.C.[.[.[/]-[log,173]-Initializing Spring DispatcherServlet 'dispatcherServlet'
16:41:52.344[http-nio-8080-exec-1]INFO o.s.w.s.DispatcherServlet-[initServletBean,525]-Initializing Servlet 'dispatcherServlet'
16:41:52.345[http-nio-8080-exec-1]INFO o.s.w.s.DispatcherServlet-[initServletBean,547]-Completed initialization in 1 ms
16:41:52.388[http-nio-8080-exec-1]INFO c.z.h.HikariDataSource-[getConnection,110]-HikariPool-1 - Starting...
16:41:52.505[http-nio-8080-exec-1]INFO c.z.h.HikariDataSource-[getConnection,123]-HikariPool-1 - Start completed.
16:46:50.238[SpringApplicationShutdownHook]INFO c.z.h.HikariDataSource-[close,350]-HikariPool-1 - Shutdown initiated...
16:46:50.242[SpringApplicationShutdownHook]INFO c.z.h.HikariDataSource-[close,352]-HikariPool-1 - Shutdown completed.
16:46:54.590[main]INFO c.e.Demo20230325SpringbootMybaitsplusApplication-[logStarting,55]-Starting Demo20230325SpringbootMybaitsplusApplication using Java 1.8.0_202 on SC-202208161009 with PID 15132 (F:\Workspaces\lsy\TEST\demo20230325-springboot-mybaitsplus\target\classes started by Administrator in F:\Workspaces\lsy\TEST\demo20230325-springboot-mybaitsplus)
16:46:54.593[main]INFO c.e.Demo20230325SpringbootMybaitsplusApplication-[logStartupProfileInfo,631]-No active profile set, falling back to 1 default profile: "default"
16:46:55.423[main]INFO o.s.b.w.e.t.TomcatWebServer-[initialize,108]-Tomcat initialized with port(s): 8080 (http)
16:46:55.424[main]INFO o.a.c.c.AprLifecycleListener-[log,173]-An older version [1.2.26] of the Apache Tomcat Native library is installed, while Tomcat recommends a minimum version of [1.2.30]
16:46:55.424[main]INFO o.a.c.c.AprLifecycleListener-[log,173]-Loaded Apache Tomcat Native library [1.2.26] using APR version [1.7.0].
16:46:55.425[main]INFO o.a.c.c.AprLifecycleListener-[log,173]-APR capabilities: IPv6 [true], sendfile [true], accept filters [false], random [true], UDS [true].
16:46:55.425[main]INFO o.a.c.c.AprLifecycleListener-[log,173]-APR/OpenSSL configuration: useAprConnector [false], useOpenSSL [true]
16:46:55.428[main]INFO o.a.c.c.AprLifecycleListener-[log,173]-OpenSSL successfully initialized [OpenSSL 1.1.1i  8 Dec 2020]
16:46:55.435[main]INFO o.a.c.h.Http11NioProtocol-[log,173]-Initializing ProtocolHandler ["http-nio-8080"]
16:46:55.436[main]INFO o.a.c.c.StandardService-[log,173]-Starting service [Tomcat]
16:46:55.436[main]INFO o.a.c.c.StandardEngine-[log,173]-Starting Servlet engine: [Apache Tomcat/9.0.73]
16:46:55.531[main]INFO o.a.c.c.C.[.[.[/]-[log,173]-Initializing Spring embedded WebApplicationContext
16:46:55.532[main]INFO o.s.b.w.s.c.ServletWebServerApplicationContext-[prepareWebApplicationContext,292]-Root WebApplicationContext: initialization completed in 898 ms
16:46:56.813[main]INFO o.a.c.h.Http11NioProtocol-[log,173]-Starting ProtocolHandler ["http-nio-8080"]
16:46:56.828[main]INFO o.s.b.w.e.t.TomcatWebServer-[start,220]-Tomcat started on port(s): 8080 (http) with context path ''
16:46:56.836[main]INFO c.e.Demo20230325SpringbootMybaitsplusApplication-[logStarted,61]-Started Demo20230325SpringbootMybaitsplusApplication in 2.645 seconds (JVM running for 3.686)
16:46:58.130[http-nio-8080-exec-1]INFO o.a.c.c.C.[.[.[/]-[log,173]-Initializing Spring DispatcherServlet 'dispatcherServlet'
16:46:58.130[http-nio-8080-exec-1]INFO o.s.w.s.DispatcherServlet-[initServletBean,525]-Initializing Servlet 'dispatcherServlet'
16:46:58.131[http-nio-8080-exec-1]INFO o.s.w.s.DispatcherServlet-[initServletBean,547]-Completed initialization in 1 ms
16:46:58.222[http-nio-8080-exec-1]INFO c.z.h.HikariDataSource-[getConnection,110]-HikariPool-1 - Starting...
16:46:58.344[http-nio-8080-exec-1]INFO c.z.h.HikariDataSource-[getConnection,123]-HikariPool-1 - Start completed.
16:47:26.067[SpringApplicationShutdownHook]INFO c.z.h.HikariDataSource-[close,350]-HikariPool-1 - Shutdown initiated...
16:47:26.072[SpringApplicationShutdownHook]INFO c.z.h.HikariDataSource-[close,352]-HikariPool-1 - Shutdown completed.
16:47:30.343[main]INFO c.e.Demo20230325SpringbootMybaitsplusApplication-[logStarting,55]-Starting Demo20230325SpringbootMybaitsplusApplication using Java 1.8.0_202 on SC-202208161009 with PID 18748 (F:\Workspaces\lsy\TEST\demo20230325-springboot-mybaitsplus\target\classes started by Administrator in F:\Workspaces\lsy\TEST\demo20230325-springboot-mybaitsplus)
16:47:30.346[main]INFO c.e.Demo20230325SpringbootMybaitsplusApplication-[logStartupProfileInfo,631]-No active profile set, falling back to 1 default profile: "default"
16:47:31.122[main]INFO o.s.b.w.e.t.TomcatWebServer-[initialize,108]-Tomcat initialized with port(s): 8080 (http)
16:47:31.122[main]INFO o.a.c.c.AprLifecycleListener-[log,173]-An older version [1.2.26] of the Apache Tomcat Native library is installed, while Tomcat recommends a minimum version of [1.2.30]
16:47:31.123[main]INFO o.a.c.c.AprLifecycleListener-[log,173]-Loaded Apache Tomcat Native library [1.2.26] using APR version [1.7.0].
16:47:31.123[main]INFO o.a.c.c.AprLifecycleListener-[log,173]-APR capabilities: IPv6 [true], sendfile [true], accept filters [false], random [true], UDS [true].
16:47:31.123[main]INFO o.a.c.c.AprLifecycleListener-[log,173]-APR/OpenSSL configuration: useAprConnector [false], useOpenSSL [true]
16:47:31.126[main]INFO o.a.c.c.AprLifecycleListener-[log,173]-OpenSSL successfully initialized [OpenSSL 1.1.1i  8 Dec 2020]
16:47:31.132[main]INFO o.a.c.h.Http11NioProtocol-[log,173]-Initializing ProtocolHandler ["http-nio-8080"]
16:47:31.133[main]INFO o.a.c.c.StandardService-[log,173]-Starting service [Tomcat]
16:47:31.133[main]INFO o.a.c.c.StandardEngine-[log,173]-Starting Servlet engine: [Apache Tomcat/9.0.73]
16:47:31.226[main]INFO o.a.c.c.C.[.[.[/]-[log,173]-Initializing Spring embedded WebApplicationContext
16:47:31.227[main]INFO o.s.b.w.s.c.ServletWebServerApplicationContext-[prepareWebApplicationContext,292]-Root WebApplicationContext: initialization completed in 846 ms
16:47:32.515[main]INFO o.a.c.h.Http11NioProtocol-[log,173]-Starting ProtocolHandler ["http-nio-8080"]
16:47:32.529[main]INFO o.s.b.w.e.t.TomcatWebServer-[start,220]-Tomcat started on port(s): 8080 (http) with context path ''
16:47:32.537[main]INFO c.e.Demo20230325SpringbootMybaitsplusApplication-[logStarted,61]-Started Demo20230325SpringbootMybaitsplusApplication in 2.534 seconds (JVM running for 3.484)
16:47:32.641[http-nio-8080-exec-1]INFO o.a.c.c.C.[.[.[/]-[log,173]-Initializing Spring DispatcherServlet 'dispatcherServlet'
16:47:32.641[http-nio-8080-exec-1]INFO o.s.w.s.DispatcherServlet-[initServletBean,525]-Initializing Servlet 'dispatcherServlet'
16:47:32.642[http-nio-8080-exec-1]INFO o.s.w.s.DispatcherServlet-[initServletBean,547]-Completed initialization in 1 ms
16:47:32.705[http-nio-8080-exec-1]INFO c.z.h.HikariDataSource-[getConnection,110]-HikariPool-1 - Starting...
16:47:32.825[http-nio-8080-exec-1]INFO c.z.h.HikariDataSource-[getConnection,123]-HikariPool-1 - Start completed.
16:47:54.692[SpringApplicationShutdownHook]INFO c.z.h.HikariDataSource-[close,350]-HikariPool-1 - Shutdown initiated...
16:47:54.695[SpringApplicationShutdownHook]INFO c.z.h.HikariDataSource-[close,352]-HikariPool-1 - Shutdown completed.
16:47:58.954[main]INFO c.e.Demo20230325SpringbootMybaitsplusApplication-[logStarting,55]-Starting Demo20230325SpringbootMybaitsplusApplication using Java 1.8.0_202 on SC-202208161009 with PID 18732 (F:\Workspaces\lsy\TEST\demo20230325-springboot-mybaitsplus\target\classes started by Administrator in F:\Workspaces\lsy\TEST\demo20230325-springboot-mybaitsplus)
16:47:58.957[main]INFO c.e.Demo20230325SpringbootMybaitsplusApplication-[logStartupProfileInfo,631]-No active profile set, falling back to 1 default profile: "default"
16:47:59.714[main]INFO o.s.b.w.e.t.TomcatWebServer-[initialize,108]-Tomcat initialized with port(s): 8080 (http)
16:47:59.715[main]INFO o.a.c.c.AprLifecycleListener-[log,173]-An older version [1.2.26] of the Apache Tomcat Native library is installed, while Tomcat recommends a minimum version of [1.2.30]
16:47:59.715[main]INFO o.a.c.c.AprLifecycleListener-[log,173]-Loaded Apache Tomcat Native library [1.2.26] using APR version [1.7.0].
16:47:59.716[main]INFO o.a.c.c.AprLifecycleListener-[log,173]-APR capabilities: IPv6 [true], sendfile [true], accept filters [false], random [true], UDS [true].
16:47:59.716[main]INFO o.a.c.c.AprLifecycleListener-[log,173]-APR/OpenSSL configuration: useAprConnector [false], useOpenSSL [true]
16:47:59.719[main]INFO o.a.c.c.AprLifecycleListener-[log,173]-OpenSSL successfully initialized [OpenSSL 1.1.1i  8 Dec 2020]
16:47:59.725[main]INFO o.a.c.h.Http11NioProtocol-[log,173]-Initializing ProtocolHandler ["http-nio-8080"]
16:47:59.725[main]INFO o.a.c.c.StandardService-[log,173]-Starting service [Tomcat]
16:47:59.726[main]INFO o.a.c.c.StandardEngine-[log,173]-Starting Servlet engine: [Apache Tomcat/9.0.73]
16:47:59.815[main]INFO o.a.c.c.C.[.[.[/]-[log,173]-Initializing Spring embedded WebApplicationContext
16:47:59.816[main]INFO o.s.b.w.s.c.ServletWebServerApplicationContext-[prepareWebApplicationContext,292]-Root WebApplicationContext: initialization completed in 819 ms
16:48:01.095[main]INFO o.a.c.h.Http11NioProtocol-[log,173]-Starting ProtocolHandler ["http-nio-8080"]
16:48:01.108[main]INFO o.s.b.w.e.t.TomcatWebServer-[start,220]-Tomcat started on port(s): 8080 (http) with context path ''
16:48:01.116[main]INFO c.e.Demo20230325SpringbootMybaitsplusApplication-[logStarted,61]-Started Demo20230325SpringbootMybaitsplusApplication in 2.528 seconds (JVM running for 3.501)
16:48:01.228[http-nio-8080-exec-1]INFO o.a.c.c.C.[.[.[/]-[log,173]-Initializing Spring DispatcherServlet 'dispatcherServlet'
16:48:01.228[http-nio-8080-exec-1]INFO o.s.w.s.DispatcherServlet-[initServletBean,525]-Initializing Servlet 'dispatcherServlet'
16:48:01.229[http-nio-8080-exec-1]INFO o.s.w.s.DispatcherServlet-[initServletBean,547]-Completed initialization in 1 ms
16:48:01.292[http-nio-8080-exec-1]INFO c.z.h.HikariDataSource-[getConnection,110]-HikariPool-1 - Starting...
16:48:01.411[http-nio-8080-exec-1]INFO c.z.h.HikariDataSource-[getConnection,123]-HikariPool-1 - Start completed.
16:49:19.974[SpringApplicationShutdownHook]INFO c.z.h.HikariDataSource-[close,350]-HikariPool-1 - Shutdown initiated...
16:49:19.977[SpringApplicationShutdownHook]INFO c.z.h.HikariDataSource-[close,352]-HikariPool-1 - Shutdown completed.
16:49:24.227[main]INFO c.e.Demo20230325SpringbootMybaitsplusApplication-[logStarting,55]-Starting Demo20230325SpringbootMybaitsplusApplication using Java 1.8.0_202 on SC-202208161009 with PID 4420 (F:\Workspaces\lsy\TEST\demo20230325-springboot-mybaitsplus\target\classes started by Administrator in F:\Workspaces\lsy\TEST\demo20230325-springboot-mybaitsplus)
16:49:24.231[main]INFO c.e.Demo20230325SpringbootMybaitsplusApplication-[logStartupProfileInfo,631]-No active profile set, falling back to 1 default profile: "default"
16:49:25.024[main]INFO o.s.b.w.e.t.TomcatWebServer-[initialize,108]-Tomcat initialized with port(s): 8080 (http)
16:49:25.025[main]INFO o.a.c.c.AprLifecycleListener-[log,173]-An older version [1.2.26] of the Apache Tomcat Native library is installed, while Tomcat recommends a minimum version of [1.2.30]
16:49:25.025[main]INFO o.a.c.c.AprLifecycleListener-[log,173]-Loaded Apache Tomcat Native library [1.2.26] using APR version [1.7.0].
16:49:25.025[main]INFO o.a.c.c.AprLifecycleListener-[log,173]-APR capabilities: IPv6 [true], sendfile [true], accept filters [false], random [true], UDS [true].
16:49:25.025[main]INFO o.a.c.c.AprLifecycleListener-[log,173]-APR/OpenSSL configuration: useAprConnector [false], useOpenSSL [true]
16:49:25.029[main]INFO o.a.c.c.AprLifecycleListener-[log,173]-OpenSSL successfully initialized [OpenSSL 1.1.1i  8 Dec 2020]
16:49:25.037[main]INFO o.a.c.h.Http11NioProtocol-[log,173]-Initializing ProtocolHandler ["http-nio-8080"]
16:49:25.037[main]INFO o.a.c.c.StandardService-[log,173]-Starting service [Tomcat]
16:49:25.037[main]INFO o.a.c.c.StandardEngine-[log,173]-Starting Servlet engine: [Apache Tomcat/9.0.73]
16:49:25.133[main]INFO o.a.c.c.C.[.[.[/]-[log,173]-Initializing Spring embedded WebApplicationContext
16:49:25.133[main]INFO o.s.b.w.s.c.ServletWebServerApplicationContext-[prepareWebApplicationContext,292]-Root WebApplicationContext: initialization completed in 866 ms
16:49:26.429[main]INFO o.a.c.h.Http11NioProtocol-[log,173]-Starting ProtocolHandler ["http-nio-8080"]
16:49:26.443[main]INFO o.s.b.w.e.t.TomcatWebServer-[start,220]-Tomcat started on port(s): 8080 (http) with context path ''
16:49:26.450[main]INFO c.e.Demo20230325SpringbootMybaitsplusApplication-[logStarted,61]-Started Demo20230325SpringbootMybaitsplusApplication in 2.577 seconds (JVM running for 3.555)
16:49:31.997[http-nio-8080-exec-1]INFO o.a.c.c.C.[.[.[/]-[log,173]-Initializing Spring DispatcherServlet 'dispatcherServlet'
16:49:31.997[http-nio-8080-exec-1]INFO o.s.w.s.DispatcherServlet-[initServletBean,525]-Initializing Servlet 'dispatcherServlet'
16:49:31.998[http-nio-8080-exec-1]INFO o.s.w.s.DispatcherServlet-[initServletBean,547]-Completed initialization in 1 ms
16:49:32.064[http-nio-8080-exec-1]INFO c.z.h.HikariDataSource-[getConnection,110]-HikariPool-1 - Starting...
16:49:32.180[http-nio-8080-exec-1]INFO c.z.h.HikariDataSource-[getConnection,123]-HikariPool-1 - Start completed.
16:51:55.239[SpringApplicationShutdownHook]INFO c.z.h.HikariDataSource-[close,350]-HikariPool-1 - Shutdown initiated...
16:51:55.244[SpringApplicationShutdownHook]INFO c.z.h.HikariDataSource-[close,352]-HikariPool-1 - Shutdown completed.
16:51:59.530[main]INFO c.e.Demo20230325SpringbootMybaitsplusApplication-[logStarting,55]-Starting Demo20230325SpringbootMybaitsplusApplication using Java 1.8.0_202 on SC-202208161009 with PID 2436 (F:\Workspaces\lsy\TEST\demo20230325-springboot-mybaitsplus\target\classes started by Administrator in F:\Workspaces\lsy\TEST\demo20230325-springboot-mybaitsplus)
16:51:59.533[main]INFO c.e.Demo20230325SpringbootMybaitsplusApplication-[logStartupProfileInfo,631]-No active profile set, falling back to 1 default profile: "default"
16:52:00.295[main]INFO o.s.b.w.e.t.TomcatWebServer-[initialize,108]-Tomcat initialized with port(s): 8080 (http)
16:52:00.296[main]INFO o.a.c.c.AprLifecycleListener-[log,173]-An older version [1.2.26] of the Apache Tomcat Native library is installed, while Tomcat recommends a minimum version of [1.2.30]
16:52:00.296[main]INFO o.a.c.c.AprLifecycleListener-[log,173]-Loaded Apache Tomcat Native library [1.2.26] using APR version [1.7.0].
16:52:00.296[main]INFO o.a.c.c.AprLifecycleListener-[log,173]-APR capabilities: IPv6 [true], sendfile [true], accept filters [false], random [true], UDS [true].
16:52:00.296[main]INFO o.a.c.c.AprLifecycleListener-[log,173]-APR/OpenSSL configuration: useAprConnector [false], useOpenSSL [true]
16:52:00.299[main]INFO o.a.c.c.AprLifecycleListener-[log,173]-OpenSSL successfully initialized [OpenSSL 1.1.1i  8 Dec 2020]
16:52:00.305[main]INFO o.a.c.h.Http11NioProtocol-[log,173]-Initializing ProtocolHandler ["http-nio-8080"]
16:52:00.306[main]INFO o.a.c.c.StandardService-[log,173]-Starting service [Tomcat]
16:52:00.306[main]INFO o.a.c.c.StandardEngine-[log,173]-Starting Servlet engine: [Apache Tomcat/9.0.73]
16:52:00.396[main]INFO o.a.c.c.C.[.[.[/]-[log,173]-Initializing Spring embedded WebApplicationContext
16:52:00.396[main]INFO o.s.b.w.s.c.ServletWebServerApplicationContext-[prepareWebApplicationContext,292]-Root WebApplicationContext: initialization completed in 825 ms
16:52:01.641[main]INFO o.a.c.h.Http11NioProtocol-[log,173]-Starting ProtocolHandler ["http-nio-8080"]
16:52:01.655[main]INFO o.s.b.w.e.t.TomcatWebServer-[start,220]-Tomcat started on port(s): 8080 (http) with context path ''
16:52:01.663[main]INFO c.e.Demo20230325SpringbootMybaitsplusApplication-[logStarted,61]-Started Demo20230325SpringbootMybaitsplusApplication in 2.471 seconds (JVM running for 3.484)
16:52:11.084[http-nio-8080-exec-1]INFO o.a.c.c.C.[.[.[/]-[log,173]-Initializing Spring DispatcherServlet 'dispatcherServlet'
16:52:11.085[http-nio-8080-exec-1]INFO o.s.w.s.DispatcherServlet-[initServletBean,525]-Initializing Servlet 'dispatcherServlet'
16:52:11.085[http-nio-8080-exec-1]INFO o.s.w.s.DispatcherServlet-[initServletBean,547]-Completed initialization in 0 ms
16:52:11.148[http-nio-8080-exec-1]INFO c.z.h.HikariDataSource-[getConnection,110]-HikariPool-1 - Starting...
16:52:11.266[http-nio-8080-exec-1]INFO c.z.h.HikariDataSource-[getConnection,123]-HikariPool-1 - Start completed.
16:57:08.433[SpringApplicationShutdownHook]INFO c.z.h.HikariDataSource-[close,350]-HikariPool-1 - Shutdown initiated...
16:57:08.438[SpringApplicationShutdownHook]INFO c.z.h.HikariDataSource-[close,352]-HikariPool-1 - Shutdown completed.
16:57:12.670[main]INFO c.e.Demo20230325SpringbootMybaitsplusApplication-[logStarting,55]-Starting Demo20230325SpringbootMybaitsplusApplication using Java 1.8.0_202 on SC-202208161009 with PID 19068 (F:\Workspaces\lsy\TEST\demo20230325-springboot-mybaitsplus\target\classes started by Administrator in F:\Workspaces\lsy\TEST\demo20230325-springboot-mybaitsplus)
16:57:12.673[main]INFO c.e.Demo20230325SpringbootMybaitsplusApplication-[logStartupProfileInfo,631]-No active profile set, falling back to 1 default profile: "default"
16:57:13.455[main]INFO o.s.b.w.e.t.TomcatWebServer-[initialize,108]-Tomcat initialized with port(s): 8080 (http)
16:57:13.456[main]INFO o.a.c.c.AprLifecycleListener-[log,173]-An older version [1.2.26] of the Apache Tomcat Native library is installed, while Tomcat recommends a minimum version of [1.2.30]
16:57:13.456[main]INFO o.a.c.c.AprLifecycleListener-[log,173]-Loaded Apache Tomcat Native library [1.2.26] using APR version [1.7.0].
16:57:13.457[main]INFO o.a.c.c.AprLifecycleListener-[log,173]-APR capabilities: IPv6 [true], sendfile [true], accept filters [false], random [true], UDS [true].
16:57:13.457[main]INFO o.a.c.c.AprLifecycleListener-[log,173]-APR/OpenSSL configuration: useAprConnector [false], useOpenSSL [true]
16:57:13.460[main]INFO o.a.c.c.AprLifecycleListener-[log,173]-OpenSSL successfully initialized [OpenSSL 1.1.1i  8 Dec 2020]
16:57:13.466[main]INFO o.a.c.h.Http11NioProtocol-[log,173]-Initializing ProtocolHandler ["http-nio-8080"]
16:57:13.467[main]INFO o.a.c.c.StandardService-[log,173]-Starting service [Tomcat]
16:57:13.467[main]INFO o.a.c.c.StandardEngine-[log,173]-Starting Servlet engine: [Apache Tomcat/9.0.73]
16:57:13.558[main]INFO o.a.c.c.C.[.[.[/]-[log,173]-Initializing Spring embedded WebApplicationContext
16:57:13.559[main]INFO o.s.b.w.s.c.ServletWebServerApplicationContext-[prepareWebApplicationContext,292]-Root WebApplicationContext: initialization completed in 853 ms
16:57:14.837[main]INFO o.a.c.h.Http11NioProtocol-[log,173]-Starting ProtocolHandler ["http-nio-8080"]
16:57:14.851[main]INFO o.s.b.w.e.t.TomcatWebServer-[start,220]-Tomcat started on port(s): 8080 (http) with context path ''
16:57:14.858[main]INFO c.e.Demo20230325SpringbootMybaitsplusApplication-[logStarted,61]-Started Demo20230325SpringbootMybaitsplusApplication in 2.527 seconds (JVM running for 3.508)
16:57:20.097[http-nio-8080-exec-1]INFO o.a.c.c.C.[.[.[/]-[log,173]-Initializing Spring DispatcherServlet 'dispatcherServlet'
16:57:20.097[http-nio-8080-exec-1]INFO o.s.w.s.DispatcherServlet-[initServletBean,525]-Initializing Servlet 'dispatcherServlet'
16:57:20.098[http-nio-8080-exec-1]INFO o.s.w.s.DispatcherServlet-[initServletBean,547]-Completed initialization in 1 ms
16:57:20.166[http-nio-8080-exec-1]INFO c.z.h.HikariDataSource-[getConnection,110]-HikariPool-1 - Starting...
16:57:20.282[http-nio-8080-exec-1]INFO c.z.h.HikariDataSource-[getConnection,123]-HikariPool-1 - Start completed.
16:58:26.009[SpringApplicationShutdownHook]INFO c.z.h.HikariDataSource-[close,350]-HikariPool-1 - Shutdown initiated...
16:58:26.025[SpringApplicationShutdownHook]INFO c.z.h.HikariDataSource-[close,352]-HikariPool-1 - Shutdown completed.
16:58:30.364[main]INFO c.e.Demo20230325SpringbootMybaitsplusApplication-[logStarting,55]-Starting Demo20230325SpringbootMybaitsplusApplication using Java 1.8.0_202 on SC-202208161009 with PID 12244 (F:\Workspaces\lsy\TEST\demo20230325-springboot-mybaitsplus\target\classes started by Administrator in F:\Workspaces\lsy\TEST\demo20230325-springboot-mybaitsplus)
16:58:30.367[main]INFO c.e.Demo20230325SpringbootMybaitsplusApplication-[logStartupProfileInfo,631]-No active profile set, falling back to 1 default profile: "default"
16:58:31.143[main]INFO o.s.b.w.e.t.TomcatWebServer-[initialize,108]-Tomcat initialized with port(s): 8080 (http)
16:58:31.144[main]INFO o.a.c.c.AprLifecycleListener-[log,173]-An older version [1.2.26] of the Apache Tomcat Native library is installed, while Tomcat recommends a minimum version of [1.2.30]
16:58:31.145[main]INFO o.a.c.c.AprLifecycleListener-[log,173]-Loaded Apache Tomcat Native library [1.2.26] using APR version [1.7.0].
16:58:31.145[main]INFO o.a.c.c.AprLifecycleListener-[log,173]-APR capabilities: IPv6 [true], sendfile [true], accept filters [false], random [true], UDS [true].
16:58:31.145[main]INFO o.a.c.c.AprLifecycleListener-[log,173]-APR/OpenSSL configuration: useAprConnector [false], useOpenSSL [true]
16:58:31.148[main]INFO o.a.c.c.AprLifecycleListener-[log,173]-OpenSSL successfully initialized [OpenSSL 1.1.1i  8 Dec 2020]
16:58:31.155[main]INFO o.a.c.h.Http11NioProtocol-[log,173]-Initializing ProtocolHandler ["http-nio-8080"]
16:58:31.155[main]INFO o.a.c.c.StandardService-[log,173]-Starting service [Tomcat]
16:58:31.155[main]INFO o.a.c.c.StandardEngine-[log,173]-Starting Servlet engine: [Apache Tomcat/9.0.73]
16:58:31.246[main]INFO o.a.c.c.C.[.[.[/]-[log,173]-Initializing Spring embedded WebApplicationContext
16:58:31.247[main]INFO o.s.b.w.s.c.ServletWebServerApplicationContext-[prepareWebApplicationContext,292]-Root WebApplicationContext: initialization completed in 842 ms
16:58:32.505[main]INFO o.a.c.h.Http11NioProtocol-[log,173]-Starting ProtocolHandler ["http-nio-8080"]
16:58:32.519[main]INFO o.s.b.w.e.t.TomcatWebServer-[start,220]-Tomcat started on port(s): 8080 (http) with context path ''
16:58:32.527[main]INFO c.e.Demo20230325SpringbootMybaitsplusApplication-[logStarted,61]-Started Demo20230325SpringbootMybaitsplusApplication in 2.569 seconds (JVM running for 3.625)
16:58:33.052[http-nio-8080-exec-1]INFO o.a.c.c.C.[.[.[/]-[log,173]-Initializing Spring DispatcherServlet 'dispatcherServlet'
16:58:33.052[http-nio-8080-exec-1]INFO o.s.w.s.DispatcherServlet-[initServletBean,525]-Initializing Servlet 'dispatcherServlet'
16:58:33.053[http-nio-8080-exec-1]INFO o.s.w.s.DispatcherServlet-[initServletBean,547]-Completed initialization in 1 ms
16:58:33.119[http-nio-8080-exec-1]INFO c.z.h.HikariDataSource-[getConnection,110]-HikariPool-1 - Starting...
16:58:33.240[http-nio-8080-exec-1]INFO c.z.h.HikariDataSource-[getConnection,123]-HikariPool-1 - Start completed.
16:58:58.912[SpringApplicationShutdownHook]INFO c.z.h.HikariDataSource-[close,350]-HikariPool-1 - Shutdown initiated...
16:58:58.915[SpringApplicationShutdownHook]INFO c.z.h.HikariDataSource-[close,352]-HikariPool-1 - Shutdown completed.
16:59:03.325[main]INFO c.e.Demo20230325SpringbootMybaitsplusApplication-[logStarting,55]-Starting Demo20230325SpringbootMybaitsplusApplication using Java 1.8.0_202 on SC-202208161009 with PID 9716 (F:\Workspaces\lsy\TEST\demo20230325-springboot-mybaitsplus\target\classes started by Administrator in F:\Workspaces\lsy\TEST\demo20230325-springboot-mybaitsplus)
16:59:03.328[main]INFO c.e.Demo20230325SpringbootMybaitsplusApplication-[logStartupProfileInfo,631]-No active profile set, falling back to 1 default profile: "default"
16:59:04.100[main]INFO o.s.b.w.e.t.TomcatWebServer-[initialize,108]-Tomcat initialized with port(s): 8080 (http)
16:59:04.101[main]INFO o.a.c.c.AprLifecycleListener-[log,173]-An older version [1.2.26] of the Apache Tomcat Native library is installed, while Tomcat recommends a minimum version of [1.2.30]
16:59:04.101[main]INFO o.a.c.c.AprLifecycleListener-[log,173]-Loaded Apache Tomcat Native library [1.2.26] using APR version [1.7.0].
16:59:04.101[main]INFO o.a.c.c.AprLifecycleListener-[log,173]-APR capabilities: IPv6 [true], sendfile [true], accept filters [false], random [true], UDS [true].
16:59:04.101[main]INFO o.a.c.c.AprLifecycleListener-[log,173]-APR/OpenSSL configuration: useAprConnector [false], useOpenSSL [true]
16:59:04.104[main]INFO o.a.c.c.AprLifecycleListener-[log,173]-OpenSSL successfully initialized [OpenSSL 1.1.1i  8 Dec 2020]
16:59:04.110[main]INFO o.a.c.h.Http11NioProtocol-[log,173]-Initializing ProtocolHandler ["http-nio-8080"]
16:59:04.111[main]INFO o.a.c.c.StandardService-[log,173]-Starting service [Tomcat]
16:59:04.111[main]INFO o.a.c.c.StandardEngine-[log,173]-Starting Servlet engine: [Apache Tomcat/9.0.73]
16:59:04.201[main]INFO o.a.c.c.C.[.[.[/]-[log,173]-Initializing Spring embedded WebApplicationContext
16:59:04.201[main]INFO o.s.b.w.s.c.ServletWebServerApplicationContext-[prepareWebApplicationContext,292]-Root WebApplicationContext: initialization completed in 835 ms
16:59:05.480[main]INFO o.a.c.h.Http11NioProtocol-[log,173]-Starting ProtocolHandler ["http-nio-8080"]
16:59:05.493[main]INFO o.s.b.w.e.t.TomcatWebServer-[start,220]-Tomcat started on port(s): 8080 (http) with context path ''
16:59:05.501[main]INFO c.e.Demo20230325SpringbootMybaitsplusApplication-[logStarted,61]-Started Demo20230325SpringbootMybaitsplusApplication in 2.568 seconds (JVM running for 3.586)
16:59:10.640[http-nio-8080-exec-1]INFO o.a.c.c.C.[.[.[/]-[log,173]-Initializing Spring DispatcherServlet 'dispatcherServlet'
16:59:10.641[http-nio-8080-exec-1]INFO o.s.w.s.DispatcherServlet-[initServletBean,525]-Initializing Servlet 'dispatcherServlet'
16:59:10.641[http-nio-8080-exec-1]INFO o.s.w.s.DispatcherServlet-[initServletBean,547]-Completed initialization in 0 ms
16:59:10.705[http-nio-8080-exec-1]INFO c.z.h.HikariDataSource-[getConnection,110]-HikariPool-1 - Starting...
16:59:10.822[http-nio-8080-exec-1]INFO c.z.h.HikariDataSource-[getConnection,123]-HikariPool-1 - Start completed.
